INFO: (function: run) Combine.cc: 985 -- Generate Asimov toy from parameter values ... 
INFO: (function: run) Combine.cc: 989 -- AK8_JER = 0 
INFO: (function: run) Combine.cc: 989 -- AK8_JER_In = 0 (constant)
INFO: (function: run) Combine.cc: 989 -- AK8_JES = 0 
INFO: (function: run) Combine.cc: 989 -- AK8_JES_In = 0 (constant)
INFO: (function: run) Combine.cc: 989 -- AK8_JMR = 0 
INFO: (function: run) Combine.cc: 989 -- AK8_JMR_In = 0 (constant)
INFO: (function: run) Combine.cc: 989 -- AK8_JMS = 0 
INFO: (function: run) Combine.cc: 989 -- AK8_JMS_In = 0 (constant)
INFO: (function: run) Combine.cc: 989 -- AK8_UES = 0 
INFO: (function: run) Combine.cc: 989 -- AK8_UES_In = 0 (constant)
INFO: (function: run) Combine.cc: 989 -- BR_hww = 0 
INFO: (function: run) Combine.cc: 989 -- BR_hww_In = 0 (constant)
INFO: (function: run) Combine.cc: 989 -- CCMS_HWW_boostedL1Prefiring_Run2 = 0 
INFO: (function: run) Combine.cc: 989 -- CCMS_HWW_boostedL1Prefiring_Run2_In = 0 (constant)
INFO: (function: run) Combine.cc: 989 -- CMS_HWW_boosted_PUIDSF_Run2 = 0 
INFO: (function: run) Combine.cc: 989 -- CMS_HWW_boosted_PUIDSF_Run2_In = 0 (constant)
INFO: (function: run) Combine.cc: 989 -- CMS_HWW_boosted_W_d1kappa_EW_Run2 = 0 
INFO: (function: run) Combine.cc: 989 -- CMS_HWW_boosted_W_d1kappa_EW_Run2_In = 0 (constant)
INFO: (function: run) Combine.cc: 989 -- CMS_HWW_boosted_W_d2kappa_EW_Run2 = 0 
INFO: (function: run) Combine.cc: 989 -- CMS_HWW_boosted_W_d2kappa_EW_Run2_In = 0 (constant)
INFO: (function: run) Combine.cc: 989 -- CMS_HWW_boosted_W_d3kappa_EW_Run2 = 0 
INFO: (function: run) Combine.cc: 989 -- CMS_HWW_boosted_W_d3kappa_EW_Run2_In = 0 (constant)
INFO: (function: run) Combine.cc: 989 -- CMS_HWW_boosted_btagSFbcCorrelated = 0 
INFO: (function: run) Combine.cc: 989 -- CMS_HWW_boosted_btagSFbcCorrelated_In = 0 (constant)
INFO: (function: run) Combine.cc: 989 -- CMS_HWW_boosted_btagSFbc_2016 = 0 
INFO: (function: run) Combine.cc: 989 -- CMS_HWW_boosted_btagSFbc_2016_In = 0 (constant)
INFO: (function: run) Combine.cc: 989 -- CMS_HWW_boosted_btagSFbc_2017 = 0 
INFO: (function: run) Combine.cc: 989 -- CMS_HWW_boosted_btagSFbc_2017_In = 0 (constant)
INFO: (function: run) Combine.cc: 989 -- CMS_HWW_boosted_btagSFbc_2018 = 0 
INFO: (function: run) Combine.cc: 989 -- CMS_HWW_boosted_btagSFbc_2018_In = 0 (constant)
INFO: (function: run) Combine.cc: 989 -- CMS_HWW_boosted_btagSFlightCorrelated = 0 
INFO: (function: run) Combine.cc: 989 -- CMS_HWW_boosted_btagSFlightCorrelated_In = 0 (constant)
INFO: (function: run) Combine.cc: 989 -- CMS_HWW_boosted_btagSFlight_2016 = 0 
INFO: (function: run) Combine.cc: 989 -- CMS_HWW_boosted_btagSFlight_2016_In = 0 (constant)
INFO: (function: run) Combine.cc: 989 -- CMS_HWW_boosted_btagSFlight_2017 = 0 
INFO: (function: run) Combine.cc: 989 -- CMS_HWW_boosted_btagSFlight_2017_In = 0 (constant)
INFO: (function: run) Combine.cc: 989 -- CMS_HWW_boosted_btagSFlight_2018 = 0 
INFO: (function: run) Combine.cc: 989 -- CMS_HWW_boosted_btagSFlight_2018_In = 0 (constant)
INFO: (function: run) Combine.cc: 989 -- CMS_HWW_boosted_d1K_NLO_Run2 = 0 
INFO: (function: run) Combine.cc: 989 -- CMS_HWW_boosted_d1K_NLO_Run2_In = 0 (constant)
INFO: (function: run) Combine.cc: 989 -- CMS_HWW_boosted_d2K_NLO_Run2 = 0 
INFO: (function: run) Combine.cc: 989 -- CMS_HWW_boosted_d2K_NLO_Run2_In = 0 (constant)
INFO: (function: run) Combine.cc: 989 -- CMS_HWW_boosted_d3K_NLO_Run2 = 0 
INFO: (function: run) Combine.cc: 989 -- CMS_HWW_boosted_d3K_NLO_Run2_In = 0 (constant)
INFO: (function: run) Combine.cc: 989 -- CMS_HWW_boosted_ele_identification_Run2 = 0 
INFO: (function: run) Combine.cc: 989 -- CMS_HWW_boosted_ele_identification_Run2_In = 0 (constant)
INFO: (function: run) Combine.cc: 989 -- CMS_HWW_boosted_ele_isolation_Run2 = 0 
INFO: (function: run) Combine.cc: 989 -- CMS_HWW_boosted_ele_isolation_Run2_In = 0 (constant)
INFO: (function: run) Combine.cc: 989 -- CMS_HWW_boosted_ele_reconstruction_Run2 = 0 
INFO: (function: run) Combine.cc: 989 -- CMS_HWW_boosted_ele_reconstruction_Run2_In = 0 (constant)
INFO: (function: run) Combine.cc: 989 -- CMS_HWW_boosted_ele_trigger_Run2 = 0 
INFO: (function: run) Combine.cc: 989 -- CMS_HWW_boosted_ele_trigger_Run2_In = 0 (constant)
INFO: (function: run) Combine.cc: 989 -- CMS_HWW_boosted_mu_identification_Run2 = 0 
INFO: (function: run) Combine.cc: 989 -- CMS_HWW_boosted_mu_identification_Run2_In = 0 (constant)
INFO: (function: run) Combine.cc: 989 -- CMS_HWW_boosted_mu_isolation_Run2 = 0 
INFO: (function: run) Combine.cc: 989 -- CMS_HWW_boosted_mu_isolation_Run2_In = 0 (constant)
INFO: (function: run) Combine.cc: 989 -- CMS_HWW_boosted_mu_trigger_Run2 = 0 
INFO: (function: run) Combine.cc: 989 -- CMS_HWW_boosted_mu_trigger_Run2_In = 0 (constant)
INFO: (function: run) Combine.cc: 989 -- CMS_HWW_boosted_mu_trigger_iso_Run2 = 0 
INFO: (function: run) Combine.cc: 989 -- CMS_HWW_boosted_mu_trigger_iso_Run2_In = 0 (constant)
INFO: (function: run) Combine.cc: 989 -- CMS_channel = 5 
INFO: (function: run) Combine.cc: 989 -- CMS_lumi_13TeV_1718 = 0 
INFO: (function: run) Combine.cc: 989 -- CMS_lumi_13TeV_1718_In = 0 (constant)
INFO: (function: run) Combine.cc: 989 -- CMS_lumi_13TeV_2016 = 0 
INFO: (function: run) Combine.cc: 989 -- CMS_lumi_13TeV_2016_In = 0 (constant)
INFO: (function: run) Combine.cc: 989 -- CMS_lumi_13TeV_2017 = 0 
INFO: (function: run) Combine.cc: 989 -- CMS_lumi_13TeV_2017_In = 0 (constant)
INFO: (function: run) Combine.cc: 989 -- CMS_lumi_13TeV_2018 = 0 
INFO: (function: run) Combine.cc: 989 -- CMS_lumi_13TeV_2018_In = 0 (constant)
INFO: (function: run) Combine.cc: 989 -- CMS_lumi_13TeV_corelated = 0 
INFO: (function: run) Combine.cc: 989 -- CMS_lumi_13TeV_corelated_In = 0 (constant)
INFO: (function: run) Combine.cc: 989 -- PDF_scale = 0 
INFO: (function: run) Combine.cc: 989 -- PDF_scale_In = 0 (constant)
INFO: (function: run) Combine.cc: 989 -- PSFSR_VBF = 0 
INFO: (function: run) Combine.cc: 989 -- PSFSR_VBF_In = 0 (constant)
INFO: (function: run) Combine.cc: 989 -- PSFSR_ggF = 0 
INFO: (function: run) Combine.cc: 989 -- PSFSR_ggF_In = 0 (constant)
INFO: (function: run) Combine.cc: 989 -- PSISR_VBF = 0 
INFO: (function: run) Combine.cc: 989 -- PSISR_VBF_In = 0 (constant)
INFO: (function: run) Combine.cc: 989 -- PSISR_ggF = 0 
INFO: (function: run) Combine.cc: 989 -- PSISR_ggF_In = 0 (constant)
INFO: (function: run) Combine.cc: 989 -- QCD_rate = 0 
INFO: (function: run) Combine.cc: 989 -- QCD_rate_In = 0 (constant)
INFO: (function: run) Combine.cc: 989 -- QCD_scale = 0 
INFO: (function: run) Combine.cc: 989 -- QCD_scale_In = 0 (constant)
INFO: (function: run) Combine.cc: 989 -- TopCR_diboson_mcstat = 0 
INFO: (function: run) Combine.cc: 989 -- TopCR_diboson_mcstat_In = 0 (constant)
INFO: (function: run) Combine.cc: 989 -- TopCR_ewkvjets_mcstat = 0 
INFO: (function: run) Combine.cc: 989 -- TopCR_ewkvjets_mcstat_In = 0 (constant)
INFO: (function: run) Combine.cc: 989 -- TopCR_qcd_mcstat = 0 
INFO: (function: run) Combine.cc: 989 -- TopCR_qcd_mcstat_In = 0 (constant)
INFO: (function: run) Combine.cc: 989 -- TopCR_singletop_mcstat = 0 
INFO: (function: run) Combine.cc: 989 -- TopCR_singletop_mcstat_In = 0 (constant)
INFO: (function: run) Combine.cc: 989 -- TopCR_ttbar_mcstat = 0 
INFO: (function: run) Combine.cc: 989 -- TopCR_ttbar_mcstat_In = 0 (constant)
INFO: (function: run) Combine.cc: 989 -- TopCR_vjets_mcstat = 0 
INFO: (function: run) Combine.cc: 989 -- TopCR_vjets_mcstat_In = 0 (constant)
INFO: (function: run) Combine.cc: 989 -- TopCR_wjets_mcstat = 0 
INFO: (function: run) Combine.cc: 989 -- TopCR_wjets_mcstat_In = 0 (constant)
INFO: (function: run) Combine.cc: 989 -- VBF_mcstat_bin0 = 0 
INFO: (function: run) Combine.cc: 989 -- VBF_mcstat_bin0_In = 0 (constant)
INFO: (function: run) Combine.cc: 989 -- VBF_mcstat_bin1 = 0 
INFO: (function: run) Combine.cc: 989 -- VBF_mcstat_bin1_In = 0 (constant)
INFO: (function: run) Combine.cc: 989 -- VBF_mcstat_bin2 = 0 
INFO: (function: run) Combine.cc: 989 -- VBF_mcstat_bin2_In = 0 (constant)
INFO: (function: run) Combine.cc: 989 -- VBF_mcstat_bin3 = 0 
INFO: (function: run) Combine.cc: 989 -- VBF_mcstat_bin3_In = 0 (constant)
INFO: (function: run) Combine.cc: 989 -- VBF_mcstat_bin4 = 0 
INFO: (function: run) Combine.cc: 989 -- VBF_mcstat_bin4_In = 0 (constant)
INFO: (function: run) Combine.cc: 989 -- VBF_mcstat_bin5 = 0 
INFO: (function: run) Combine.cc: 989 -- VBF_mcstat_bin5_In = 0 (constant)
INFO: (function: run) Combine.cc: 989 -- VBF_mcstat_bin6 = 0 
INFO: (function: run) Combine.cc: 989 -- VBF_mcstat_bin6_In = 0 (constant)
INFO: (function: run) Combine.cc: 989 -- VBF_mcstat_bin7 = 0 
INFO: (function: run) Combine.cc: 989 -- VBF_mcstat_bin7_In = 0 (constant)
INFO: (function: run) Combine.cc: 989 -- VBF_mcstat_bin8 = 0 
INFO: (function: run) Combine.cc: 989 -- VBF_mcstat_bin8_In = 0 (constant)
INFO: (function: run) Combine.cc: 989 -- WJetsCR_diboson_mcstat = 0 
INFO: (function: run) Combine.cc: 989 -- WJetsCR_diboson_mcstat_In = 0 (constant)
INFO: (function: run) Combine.cc: 989 -- WJetsCR_ewkvjets_mcstat = 0 
INFO: (function: run) Combine.cc: 989 -- WJetsCR_ewkvjets_mcstat_In = 0 (constant)
INFO: (function: run) Combine.cc: 989 -- WJetsCR_qcd_mcstat = 0 
INFO: (function: run) Combine.cc: 989 -- WJetsCR_qcd_mcstat_In = 0 (constant)
INFO: (function: run) Combine.cc: 989 -- WJetsCR_singletop_mcstat = 0 
INFO: (function: run) Combine.cc: 989 -- WJetsCR_singletop_mcstat_In = 0 (constant)
INFO: (function: run) Combine.cc: 989 -- WJetsCR_ttbar_mcstat = 0 
INFO: (function: run) Combine.cc: 989 -- WJetsCR_ttbar_mcstat_In = 0 (constant)
INFO: (function: run) Combine.cc: 989 -- WJetsCR_vjets_mcstat = 0 
INFO: (function: run) Combine.cc: 989 -- WJetsCR_vjets_mcstat_In = 0 (constant)
INFO: (function: run) Combine.cc: 989 -- WJetsCR_wjets_mcstat = 0 
INFO: (function: run) Combine.cc: 989 -- WJetsCR_wjets_mcstat_In = 0 (constant)
INFO: (function: run) Combine.cc: 989 -- ggFpt250to300_mcstat_bin0 = 0 
INFO: (function: run) Combine.cc: 989 -- ggFpt250to300_mcstat_bin0_In = 0 (constant)
INFO: (function: run) Combine.cc: 989 -- ggFpt250to300_mcstat_bin1 = 0 
INFO: (function: run) Combine.cc: 989 -- ggFpt250to300_mcstat_bin1_In = 0 (constant)
INFO: (function: run) Combine.cc: 989 -- ggFpt250to300_mcstat_bin2 = 0 
INFO: (function: run) Combine.cc: 989 -- ggFpt250to300_mcstat_bin2_In = 0 (constant)
INFO: (function: run) Combine.cc: 989 -- ggFpt250to300_mcstat_bin3 = 0 
INFO: (function: run) Combine.cc: 989 -- ggFpt250to300_mcstat_bin3_In = 0 (constant)
INFO: (function: run) Combine.cc: 989 -- ggFpt250to300_mcstat_bin4 = 0 
INFO: (function: run) Combine.cc: 989 -- ggFpt250to300_mcstat_bin4_In = 0 (constant)
INFO: (function: run) Combine.cc: 989 -- ggFpt250to300_mcstat_bin5 = 0 
INFO: (function: run) Combine.cc: 989 -- ggFpt250to300_mcstat_bin5_In = 0 (constant)
INFO: (function: run) Combine.cc: 989 -- ggFpt250to300_mcstat_bin6 = 0 
INFO: (function: run) Combine.cc: 989 -- ggFpt250to300_mcstat_bin6_In = 0 (constant)
INFO: (function: run) Combine.cc: 989 -- ggFpt250to300_mcstat_bin7 = 0 
INFO: (function: run) Combine.cc: 989 -- ggFpt250to300_mcstat_bin7_In = 0 (constant)
INFO: (function: run) Combine.cc: 989 -- ggFpt250to300_mcstat_bin8 = 0 
INFO: (function: run) Combine.cc: 989 -- ggFpt250to300_mcstat_bin8_In = 0 (constant)
INFO: (function: run) Combine.cc: 989 -- ggFpt300to450_mcstat_bin0 = 0 
INFO: (function: run) Combine.cc: 989 -- ggFpt300to450_mcstat_bin0_In = 0 (constant)
INFO: (function: run) Combine.cc: 989 -- ggFpt300to450_mcstat_bin1 = 0 
INFO: (function: run) Combine.cc: 989 -- ggFpt300to450_mcstat_bin1_In = 0 (constant)
INFO: (function: run) Combine.cc: 989 -- ggFpt300to450_mcstat_bin2 = 0 
INFO: (function: run) Combine.cc: 989 -- ggFpt300to450_mcstat_bin2_In = 0 (constant)
INFO: (function: run) Combine.cc: 989 -- ggFpt300to450_mcstat_bin3 = 0 
INFO: (function: run) Combine.cc: 989 -- ggFpt300to450_mcstat_bin3_In = 0 (constant)
INFO: (function: run) Combine.cc: 989 -- ggFpt300to450_mcstat_bin4 = 0 
INFO: (function: run) Combine.cc: 989 -- ggFpt300to450_mcstat_bin4_In = 0 (constant)
INFO: (function: run) Combine.cc: 989 -- ggFpt300to450_mcstat_bin5 = 0 
INFO: (function: run) Combine.cc: 989 -- ggFpt300to450_mcstat_bin5_In = 0 (constant)
INFO: (function: run) Combine.cc: 989 -- ggFpt300to450_mcstat_bin6 = 0 
INFO: (function: run) Combine.cc: 989 -- ggFpt300to450_mcstat_bin6_In = 0 (constant)
INFO: (function: run) Combine.cc: 989 -- ggFpt300to450_mcstat_bin7 = 0 
INFO: (function: run) Combine.cc: 989 -- ggFpt300to450_mcstat_bin7_In = 0 (constant)
INFO: (function: run) Combine.cc: 989 -- ggFpt300to450_mcstat_bin8 = 0 
INFO: (function: run) Combine.cc: 989 -- ggFpt300to450_mcstat_bin8_In = 0 (constant)
INFO: (function: run) Combine.cc: 989 -- ggFpt450toInf_mcstat_bin0 = 0 
INFO: (function: run) Combine.cc: 989 -- ggFpt450toInf_mcstat_bin0_In = 0 (constant)
INFO: (function: run) Combine.cc: 989 -- ggFpt450toInf_mcstat_bin1 = 0 
INFO: (function: run) Combine.cc: 989 -- ggFpt450toInf_mcstat_bin1_In = 0 (constant)
INFO: (function: run) Combine.cc: 989 -- ggFpt450toInf_mcstat_bin2 = 0 
INFO: (function: run) Combine.cc: 989 -- ggFpt450toInf_mcstat_bin2_In = 0 (constant)
INFO: (function: run) Combine.cc: 989 -- ggFpt450toInf_mcstat_bin3 = 0 
INFO: (function: run) Combine.cc: 989 -- ggFpt450toInf_mcstat_bin3_In = 0 (constant)
INFO: (function: run) Combine.cc: 989 -- ggFpt450toInf_mcstat_bin4 = 0 
INFO: (function: run) Combine.cc: 989 -- ggFpt450toInf_mcstat_bin4_In = 0 (constant)
INFO: (function: run) Combine.cc: 989 -- ggFpt450toInf_mcstat_bin5 = 0 
INFO: (function: run) Combine.cc: 989 -- ggFpt450toInf_mcstat_bin5_In = 0 (constant)
INFO: (function: run) Combine.cc: 989 -- ggFpt450toInf_mcstat_bin6 = 0 
INFO: (function: run) Combine.cc: 989 -- ggFpt450toInf_mcstat_bin6_In = 0 (constant)
INFO: (function: run) Combine.cc: 989 -- ggFpt450toInf_mcstat_bin7 = 0 
INFO: (function: run) Combine.cc: 989 -- ggFpt450toInf_mcstat_bin7_In = 0 (constant)
INFO: (function: run) Combine.cc: 989 -- ggFpt450toInf_mcstat_bin8 = 0 
INFO: (function: run) Combine.cc: 989 -- ggFpt450toInf_mcstat_bin8_In = 0 (constant)
INFO: (function: run) Combine.cc: 989 -- mask_TopCR = 0 (constant)
INFO: (function: run) Combine.cc: 989 -- mask_VBF = 0 (constant)
INFO: (function: run) Combine.cc: 989 -- mask_WJetsCR = 0 (constant)
INFO: (function: run) Combine.cc: 989 -- mask_ggFpt250to300 = 0 (constant)
INFO: (function: run) Combine.cc: 989 -- mask_ggFpt300to450 = 0 (constant)
INFO: (function: run) Combine.cc: 989 -- mask_ggFpt450toInf = 0 (constant)
INFO: (function: run) Combine.cc: 989 -- mass_observable = 225 
INFO: (function: run) Combine.cc: 989 -- muon_mini-isolation_SF = 0 
INFO: (function: run) Combine.cc: 989 -- muon_mini-isolation_SF_In = 0 (constant)
INFO: (function: run) Combine.cc: 989 -- r = 1 
INFO: (function: run) Combine.cc: 989 -- taggereff = 0 
INFO: (function: run) Combine.cc: 989 -- taggereff_In = 0 (constant)
INFO: (function: run) Combine.cc: 989 -- ttbarnormSF = 1 
INFO: (function: run) Combine.cc: 989 -- wjetsnormSF = 1 
INFO: (function: generateAsimov) ToyMCSamplerOpt.cc: 146 -- Using internal logic for binned/unbinned Asimov dataset generation
INFO: (function: generateWithHisto) ToyMCSamplerOpt.cc: 221 -- Generating asimov with histogram for pdf pdf_binVBF_obsOnly: in 9 x-bins
INFO: (function: generateAsimov) ToyMCSamplerOpt.cc: 146 -- Using internal logic for binned/unbinned Asimov dataset generation
INFO: (function: generateWithHisto) ToyMCSamplerOpt.cc: 221 -- Generating asimov with histogram for pdf pdf_binggFpt250to300_obsOnly: in 9 x-bins
INFO: (function: generateAsimov) ToyMCSamplerOpt.cc: 146 -- Using internal logic for binned/unbinned Asimov dataset generation
INFO: (function: generateWithHisto) ToyMCSamplerOpt.cc: 221 -- Generating asimov with histogram for pdf pdf_binggFpt300to450_obsOnly: in 9 x-bins
INFO: (function: generateAsimov) ToyMCSamplerOpt.cc: 146 -- Using internal logic for binned/unbinned Asimov dataset generation
INFO: (function: generateWithHisto) ToyMCSamplerOpt.cc: 221 -- Generating asimov with histogram for pdf pdf_binggFpt450toInf_obsOnly: in 9 x-bins
INFO: (function: generateAsimov) ToyMCSamplerOpt.cc: 146 -- Using internal logic for binned/unbinned Asimov dataset generation
INFO: (function: generateWithHisto) ToyMCSamplerOpt.cc: 221 -- Generating asimov with histogram for pdf pdf_binTopCR_obsOnly: in 9 x-bins
INFO: (function: generateAsimov) ToyMCSamplerOpt.cc: 146 -- Using internal logic for binned/unbinned Asimov dataset generation
INFO: (function: generateWithHisto) ToyMCSamplerOpt.cc: 221 -- Generating asimov with histogram for pdf pdf_binWJetsCR_obsOnly: in 9 x-bins
INFO: (function: improveOnce) CascadeMinimizer.cc: 188 -- Minimisation configured with Type=Minuit2, Algo=Migrad, strategy=1, tolerance=0.1
INFO: (function: improveOnce) CascadeMinimizer.cc: 211 -- Minimisation finished with status=0
INFO: (function: improveOnce) CascadeMinimizer.cc: 216 -- Minimization success! status=0
INFO: (function: improveOnce) CascadeMinimizer.cc: 188 -- Minimisation configured with Type=Minuit2, Algo=Migrad, strategy=1, tolerance=0.1
INFO: (function: improveOnce) CascadeMinimizer.cc: 211 -- Minimisation finished with status=0
INFO: (function: improveOnce) CascadeMinimizer.cc: 216 -- Minimization success! status=0
