INFO: (function: run) Combine.cc: 673 -- Floating the following parameters: 
INFO: (function: run) Combine.cc: 676  CMS_HWW_boosted_tf_dataResidual_CR1_Bin4 
INFO: (function: run) Combine.cc: 676  CMS_HWW_boosted_tf_dataResidual_CR2_Bin4 
INFO: (function: run) Combine.cc: 676  CMS_HWW_boosted_tf_dataResidual_CR1_Bin5 
INFO: (function: run) Combine.cc: 676  CMS_HWW_boosted_tf_dataResidual_CR2_Bin5 
INFO: (function: run) Combine.cc: 676  CMS_HWW_boosted_tf_dataResidual_CR1_Bin6 
INFO: (function: run) Combine.cc: 676  CMS_HWW_boosted_tf_dataResidual_CR2_Bin6 
INFO: (function: run) Combine.cc: 676  CMS_HWW_boosted_tf_dataResidual_CR1_Bin7 
INFO: (function: run) Combine.cc: 676  CMS_HWW_boosted_tf_dataResidual_CR2_Bin7 
INFO: (function: run) Combine.cc: 676  CMS_HWW_boosted_tf_dataResidual_CR1_Bin8 
INFO: (function: run) Combine.cc: 676  CMS_HWW_boosted_tf_dataResidual_CR2_Bin8 
INFO: (function: run) Combine.cc: 676  CMS_HWW_boosted_tf_dataResidual_CR1_Bin9 
INFO: (function: run) Combine.cc: 676  CMS_HWW_boosted_tf_dataResidual_CR2_Bin9 
INFO: (function: run) Combine.cc: 676  r 
INFO: (function: run) Combine.cc: 708 -- Freezing the following parameters: 
INFO: (function: run) Combine.cc: 711  BR_hww_In 
INFO: (function: run) Combine.cc: 711  CMS_HWW_boosted_CR1_mcstat_bin0_In 
INFO: (function: run) Combine.cc: 711  CMS_HWW_boosted_CR1_mcstat_bin1_In 
INFO: (function: run) Combine.cc: 711  CMS_HWW_boosted_CR1_mcstat_bin10_In 
INFO: (function: run) Combine.cc: 711  CMS_HWW_boosted_CR1_mcstat_bin11_In 
INFO: (function: run) Combine.cc: 711  CMS_HWW_boosted_CR1_mcstat_bin12_In 
INFO: (function: run) Combine.cc: 711  CMS_HWW_boosted_CR1_mcstat_bin13_In 
INFO: (function: run) Combine.cc: 711  CMS_HWW_boosted_CR1_mcstat_bin14_In 
INFO: (function: run) Combine.cc: 711  CMS_HWW_boosted_CR1_mcstat_bin15_In 
INFO: (function: run) Combine.cc: 711  CMS_HWW_boosted_CR1_mcstat_bin16_In 
INFO: (function: run) Combine.cc: 711  CMS_HWW_boosted_CR1_mcstat_bin17_In 
INFO: (function: run) Combine.cc: 711  CMS_HWW_boosted_CR1_mcstat_bin18_In 
INFO: (function: run) Combine.cc: 711  CMS_HWW_boosted_CR1_mcstat_bin19_In 
INFO: (function: run) Combine.cc: 711  CMS_HWW_boosted_CR1_mcstat_bin2_In 
INFO: (function: run) Combine.cc: 711  CMS_HWW_boosted_CR1_mcstat_bin3_In 
INFO: (function: run) Combine.cc: 711  CMS_HWW_boosted_CR1_mcstat_bin4_In 
INFO: (function: run) Combine.cc: 711  CMS_HWW_boosted_CR1_mcstat_bin5_In 
INFO: (function: run) Combine.cc: 711  CMS_HWW_boosted_CR1_mcstat_bin6_In 
INFO: (function: run) Combine.cc: 711  CMS_HWW_boosted_CR1_mcstat_bin7_In 
INFO: (function: run) Combine.cc: 711  CMS_HWW_boosted_CR1_mcstat_bin8_In 
INFO: (function: run) Combine.cc: 711  CMS_HWW_boosted_CR1_mcstat_bin9_In 
INFO: (function: run) Combine.cc: 711  CMS_HWW_boosted_CR2_mcstat_bin0_In 
INFO: (function: run) Combine.cc: 711  CMS_HWW_boosted_CR2_mcstat_bin1_In 
INFO: (function: run) Combine.cc: 711  CMS_HWW_boosted_CR2_mcstat_bin10_In 
INFO: (function: run) Combine.cc: 711  CMS_HWW_boosted_CR2_mcstat_bin11_In 
INFO: (function: run) Combine.cc: 711  CMS_HWW_boosted_CR2_mcstat_bin12_In 
INFO: (function: run) Combine.cc: 711  CMS_HWW_boosted_CR2_mcstat_bin13_In 
INFO: (function: run) Combine.cc: 711  CMS_HWW_boosted_CR2_mcstat_bin14_In 
INFO: (function: run) Combine.cc: 711  CMS_HWW_boosted_CR2_mcstat_bin15_In 
INFO: (function: run) Combine.cc: 711  CMS_HWW_boosted_CR2_mcstat_bin16_In 
INFO: (function: run) Combine.cc: 711  CMS_HWW_boosted_CR2_mcstat_bin17_In 
INFO: (function: run) Combine.cc: 711  CMS_HWW_boosted_CR2_mcstat_bin18_In 
INFO: (function: run) Combine.cc: 711  CMS_HWW_boosted_CR2_mcstat_bin19_In 
INFO: (function: run) Combine.cc: 711  CMS_HWW_boosted_CR2_mcstat_bin2_In 
INFO: (function: run) Combine.cc: 711  CMS_HWW_boosted_CR2_mcstat_bin3_In 
INFO: (function: run) Combine.cc: 711  CMS_HWW_boosted_CR2_mcstat_bin4_In 
INFO: (function: run) Combine.cc: 711  CMS_HWW_boosted_CR2_mcstat_bin5_In 
INFO: (function: run) Combine.cc: 711  CMS_HWW_boosted_CR2_mcstat_bin6_In 
INFO: (function: run) Combine.cc: 711  CMS_HWW_boosted_CR2_mcstat_bin7_In 
INFO: (function: run) Combine.cc: 711  CMS_HWW_boosted_CR2_mcstat_bin8_In 
INFO: (function: run) Combine.cc: 711  CMS_HWW_boosted_CR2_mcstat_bin9_In 
INFO: (function: run) Combine.cc: 711  CMS_HWW_boosted_SR1a_mcstat_bin0_In 
INFO: (function: run) Combine.cc: 711  CMS_HWW_boosted_SR1a_mcstat_bin1_In 
INFO: (function: run) Combine.cc: 711  CMS_HWW_boosted_SR1a_mcstat_bin10_In 
INFO: (function: run) Combine.cc: 711  CMS_HWW_boosted_SR1a_mcstat_bin11_In 
INFO: (function: run) Combine.cc: 711  CMS_HWW_boosted_SR1a_mcstat_bin12_In 
INFO: (function: run) Combine.cc: 711  CMS_HWW_boosted_SR1a_mcstat_bin13_In 
INFO: (function: run) Combine.cc: 711  CMS_HWW_boosted_SR1a_mcstat_bin14_In 
INFO: (function: run) Combine.cc: 711  CMS_HWW_boosted_SR1a_mcstat_bin15_In 
INFO: (function: run) Combine.cc: 711  CMS_HWW_boosted_SR1a_mcstat_bin16_In 
INFO: (function: run) Combine.cc: 711  CMS_HWW_boosted_SR1a_mcstat_bin17_In 
INFO: (function: run) Combine.cc: 711  CMS_HWW_boosted_SR1a_mcstat_bin18_In 
INFO: (function: run) Combine.cc: 711  CMS_HWW_boosted_SR1a_mcstat_bin19_In 
INFO: (function: run) Combine.cc: 711  CMS_HWW_boosted_SR1a_mcstat_bin2_In 
INFO: (function: run) Combine.cc: 711  CMS_HWW_boosted_SR1a_mcstat_bin3_In 
INFO: (function: run) Combine.cc: 711  CMS_HWW_boosted_SR1a_mcstat_bin4_In 
INFO: (function: run) Combine.cc: 711  CMS_HWW_boosted_SR1a_mcstat_bin5_In 
INFO: (function: run) Combine.cc: 711  CMS_HWW_boosted_SR1a_mcstat_bin6_In 
INFO: (function: run) Combine.cc: 711  CMS_HWW_boosted_SR1a_mcstat_bin7_In 
INFO: (function: run) Combine.cc: 711  CMS_HWW_boosted_SR1a_mcstat_bin8_In 
INFO: (function: run) Combine.cc: 711  CMS_HWW_boosted_SR1a_mcstat_bin9_In 
INFO: (function: run) Combine.cc: 711  CMS_HWW_boosted_SR1b_mcstat_bin0_In 
INFO: (function: run) Combine.cc: 711  CMS_HWW_boosted_SR1b_mcstat_bin1_In 
INFO: (function: run) Combine.cc: 711  CMS_HWW_boosted_SR1b_mcstat_bin10_In 
INFO: (function: run) Combine.cc: 711  CMS_HWW_boosted_SR1b_mcstat_bin11_In 
INFO: (function: run) Combine.cc: 711  CMS_HWW_boosted_SR1b_mcstat_bin12_In 
INFO: (function: run) Combine.cc: 711  CMS_HWW_boosted_SR1b_mcstat_bin13_In 
INFO: (function: run) Combine.cc: 711  CMS_HWW_boosted_SR1b_mcstat_bin14_In 
INFO: (function: run) Combine.cc: 711  CMS_HWW_boosted_SR1b_mcstat_bin15_In 
INFO: (function: run) Combine.cc: 711  CMS_HWW_boosted_SR1b_mcstat_bin16_In 
INFO: (function: run) Combine.cc: 711  CMS_HWW_boosted_SR1b_mcstat_bin17_In 
INFO: (function: run) Combine.cc: 711  CMS_HWW_boosted_SR1b_mcstat_bin18_In 
INFO: (function: run) Combine.cc: 711  CMS_HWW_boosted_SR1b_mcstat_bin19_In 
INFO: (function: run) Combine.cc: 711  CMS_HWW_boosted_SR1b_mcstat_bin2_In 
INFO: (function: run) Combine.cc: 711  CMS_HWW_boosted_SR1b_mcstat_bin3_In 
INFO: (function: run) Combine.cc: 711  CMS_HWW_boosted_SR1b_mcstat_bin4_In 
INFO: (function: run) Combine.cc: 711  CMS_HWW_boosted_SR1b_mcstat_bin5_In 
INFO: (function: run) Combine.cc: 711  CMS_HWW_boosted_SR1b_mcstat_bin6_In 
INFO: (function: run) Combine.cc: 711  CMS_HWW_boosted_SR1b_mcstat_bin7_In 
INFO: (function: run) Combine.cc: 711  CMS_HWW_boosted_SR1b_mcstat_bin8_In 
INFO: (function: run) Combine.cc: 711  CMS_HWW_boosted_SR1b_mcstat_bin9_In 
INFO: (function: run) Combine.cc: 711  CMS_HWW_boosted_SR2a_VBF_mcstat_bin0_In 
INFO: (function: run) Combine.cc: 711  CMS_HWW_boosted_SR2a_VBF_mcstat_bin4_In 
INFO: (function: run) Combine.cc: 711  CMS_HWW_boosted_SR2a_WH_mcstat_bin0_In 
INFO: (function: run) Combine.cc: 711  CMS_HWW_boosted_SR2a_WH_mcstat_bin4_In 
INFO: (function: run) Combine.cc: 711  CMS_HWW_boosted_SR2a_ZH_mcstat_bin0_In 
INFO: (function: run) Combine.cc: 711  CMS_HWW_boosted_SR2a_ZH_mcstat_bin4_In 
INFO: (function: run) Combine.cc: 711  CMS_HWW_boosted_SR2a_ggF_mcstat_bin0_In 
INFO: (function: run) Combine.cc: 711  CMS_HWW_boosted_SR2a_ggF_mcstat_bin4_In 
INFO: (function: run) Combine.cc: 711  CMS_HWW_boosted_SR2a_mcstat_bin1_In 
INFO: (function: run) Combine.cc: 711  CMS_HWW_boosted_SR2a_mcstat_bin10_In 
INFO: (function: run) Combine.cc: 711  CMS_HWW_boosted_SR2a_mcstat_bin11_In 
INFO: (function: run) Combine.cc: 711  CMS_HWW_boosted_SR2a_mcstat_bin12_In 
INFO: (function: run) Combine.cc: 711  CMS_HWW_boosted_SR2a_mcstat_bin13_In 
INFO: (function: run) Combine.cc: 711  CMS_HWW_boosted_SR2a_mcstat_bin14_In 
INFO: (function: run) Combine.cc: 711  CMS_HWW_boosted_SR2a_mcstat_bin15_In 
INFO: (function: run) Combine.cc: 711  CMS_HWW_boosted_SR2a_mcstat_bin16_In 
INFO: (function: run) Combine.cc: 711  CMS_HWW_boosted_SR2a_mcstat_bin17_In 
INFO: (function: run) Combine.cc: 711  CMS_HWW_boosted_SR2a_mcstat_bin18_In 
INFO: (function: run) Combine.cc: 711  CMS_HWW_boosted_SR2a_mcstat_bin19_In 
INFO: (function: run) Combine.cc: 711  CMS_HWW_boosted_SR2a_mcstat_bin2_In 
INFO: (function: run) Combine.cc: 711  CMS_HWW_boosted_SR2a_mcstat_bin3_In 
INFO: (function: run) Combine.cc: 711  CMS_HWW_boosted_SR2a_mcstat_bin5_In 
INFO: (function: run) Combine.cc: 711  CMS_HWW_boosted_SR2a_mcstat_bin6_In 
INFO: (function: run) Combine.cc: 711  CMS_HWW_boosted_SR2a_mcstat_bin7_In 
INFO: (function: run) Combine.cc: 711  CMS_HWW_boosted_SR2a_mcstat_bin8_In 
INFO: (function: run) Combine.cc: 711  CMS_HWW_boosted_SR2a_mcstat_bin9_In 
INFO: (function: run) Combine.cc: 711  CMS_HWW_boosted_SR2a_rest_bkg_mcstat_bin4_In 
INFO: (function: run) Combine.cc: 711  CMS_HWW_boosted_SR2a_single_top_mcstat_bin4_In 
INFO: (function: run) Combine.cc: 711  CMS_HWW_boosted_SR2a_ttH_mcstat_bin0_In 
INFO: (function: run) Combine.cc: 711  CMS_HWW_boosted_SR2a_ttH_mcstat_bin4_In 
INFO: (function: run) Combine.cc: 711  CMS_HWW_boosted_SR2a_ttbar_mcstat_bin0_In 
INFO: (function: run) Combine.cc: 711  CMS_HWW_boosted_SR2a_ttbar_mcstat_bin4_In 
INFO: (function: run) Combine.cc: 711  CMS_HWW_boosted_SR2a_wjets_mcstat_bin0_In 
INFO: (function: run) Combine.cc: 711  CMS_HWW_boosted_SR2a_wjets_mcstat_bin4_In 
INFO: (function: run) Combine.cc: 711  CMS_HWW_boosted_SR2b_mcstat_bin0_In 
INFO: (function: run) Combine.cc: 711  CMS_HWW_boosted_SR2b_mcstat_bin1_In 
INFO: (function: run) Combine.cc: 711  CMS_HWW_boosted_SR2b_mcstat_bin10_In 
INFO: (function: run) Combine.cc: 711  CMS_HWW_boosted_SR2b_mcstat_bin11_In 
INFO: (function: run) Combine.cc: 711  CMS_HWW_boosted_SR2b_mcstat_bin12_In 
INFO: (function: run) Combine.cc: 711  CMS_HWW_boosted_SR2b_mcstat_bin13_In 
INFO: (function: run) Combine.cc: 711  CMS_HWW_boosted_SR2b_mcstat_bin14_In 
INFO: (function: run) Combine.cc: 711  CMS_HWW_boosted_SR2b_mcstat_bin15_In 
INFO: (function: run) Combine.cc: 711  CMS_HWW_boosted_SR2b_mcstat_bin16_In 
INFO: (function: run) Combine.cc: 711  CMS_HWW_boosted_SR2b_mcstat_bin17_In 
INFO: (function: run) Combine.cc: 711  CMS_HWW_boosted_SR2b_mcstat_bin18_In 
INFO: (function: run) Combine.cc: 711  CMS_HWW_boosted_SR2b_mcstat_bin19_In 
INFO: (function: run) Combine.cc: 711  CMS_HWW_boosted_SR2b_mcstat_bin2_In 
INFO: (function: run) Combine.cc: 711  CMS_HWW_boosted_SR2b_mcstat_bin3_In 
INFO: (function: run) Combine.cc: 711  CMS_HWW_boosted_SR2b_mcstat_bin4_In 
INFO: (function: run) Combine.cc: 711  CMS_HWW_boosted_SR2b_mcstat_bin5_In 
INFO: (function: run) Combine.cc: 711  CMS_HWW_boosted_SR2b_mcstat_bin6_In 
INFO: (function: run) Combine.cc: 711  CMS_HWW_boosted_SR2b_mcstat_bin7_In 
INFO: (function: run) Combine.cc: 711  CMS_HWW_boosted_SR2b_mcstat_bin8_In 
INFO: (function: run) Combine.cc: 711  CMS_HWW_boosted_SR2b_mcstat_bin9_In 
INFO: (function: run) Combine.cc: 711  CMS_HWW_boosted_lp_sf_region_a_In 
INFO: (function: run) Combine.cc: 711  CMS_HWW_boosted_lp_sf_region_b_In 
INFO: (function: run) Combine.cc: 711  CMS_pileup_2016_In 
INFO: (function: run) Combine.cc: 711  CMS_pileup_2016APV_In 
INFO: (function: run) Combine.cc: 711  CMS_pileup_2017_In 
INFO: (function: run) Combine.cc: 711  CMS_pileup_2018_In 
INFO: (function: run) Combine.cc: 711  CMS_res_j_2016_In 
INFO: (function: run) Combine.cc: 711  CMS_res_j_2016APV_In 
INFO: (function: run) Combine.cc: 711  CMS_res_j_2017_In 
INFO: (function: run) Combine.cc: 711  CMS_res_j_2018_In 
INFO: (function: run) Combine.cc: 711  CMS_scale_j_In 
INFO: (function: run) Combine.cc: 711  QCDscale_VH_In 
INFO: (function: run) Combine.cc: 711  QCDscale_ggH_In 
INFO: (function: run) Combine.cc: 711  QCDscale_qqH_In 
INFO: (function: run) Combine.cc: 711  QCDscale_ttH_In 
INFO: (function: run) Combine.cc: 711  QCDscale_ttbar_In 
INFO: (function: run) Combine.cc: 711  lumi_13TeV_1718_In 
INFO: (function: run) Combine.cc: 711  lumi_13TeV_2016_In 
INFO: (function: run) Combine.cc: 711  lumi_13TeV_2017_In 
INFO: (function: run) Combine.cc: 711  lumi_13TeV_2018_In 
INFO: (function: run) Combine.cc: 711  lumi_13TeV_correlated_In 
INFO: (function: run) Combine.cc: 711  pdf_Higgs_gg_In 
INFO: (function: run) Combine.cc: 711  pdf_Higgs_qqbar_In 
INFO: (function: run) Combine.cc: 711  pdf_Higgs_ttH_In 
INFO: (function: run) Combine.cc: 711  pdf_gg_In 
INFO: (function: run) Combine.cc: 711  pdf_qqbar_In 
INFO: (function: run) Combine.cc: 711  ps_fsr_In 
INFO: (function: run) Combine.cc: 711  ps_isr_In 
INFO: (function: run) Combine.cc: 711  triggerEffSF_uncorrelated_In 
INFO: (function: run) Combine.cc: 711  unclustered_Energy_In 
INFO: (function: run) Combine.cc: 711  shapeBkg_ttbar_CR1__norm 
INFO: (function: run) Combine.cc: 711  shapeBkg_single_top_CR1__norm 
INFO: (function: run) Combine.cc: 711  shapeBkg_wjets_CR1__norm 
INFO: (function: run) Combine.cc: 711  shapeBkg_rest_bkg_CR1__norm 
INFO: (function: run) Combine.cc: 711  shapeBkg_ttbar_CR1Blinded__norm 
INFO: (function: run) Combine.cc: 711  shapeBkg_single_top_CR1Blinded__norm 
INFO: (function: run) Combine.cc: 711  shapeBkg_wjets_CR1Blinded__norm 
INFO: (function: run) Combine.cc: 711  shapeBkg_rest_bkg_CR1Blinded__norm 
INFO: (function: run) Combine.cc: 711  shapeSig_ggF_SR1a__norm 
INFO: (function: run) Combine.cc: 711  shapeSig_VBF_SR1a__norm 
INFO: (function: run) Combine.cc: 711  shapeSig_WH_SR1a__norm 
INFO: (function: run) Combine.cc: 711  shapeSig_ZH_SR1a__norm 
INFO: (function: run) Combine.cc: 711  shapeSig_ttH_SR1a__norm 
INFO: (function: run) Combine.cc: 711  shapeBkg_ttbar_SR1a__norm 
INFO: (function: run) Combine.cc: 711  shapeBkg_single_top_SR1a__norm 
INFO: (function: run) Combine.cc: 711  shapeBkg_wjets_SR1a__norm 
INFO: (function: run) Combine.cc: 711  shapeBkg_rest_bkg_SR1a__norm 
INFO: (function: run) Combine.cc: 711  shapeSig_ggF_SR1aBlinded__norm 
INFO: (function: run) Combine.cc: 711  shapeSig_VBF_SR1aBlinded__norm 
INFO: (function: run) Combine.cc: 711  shapeSig_WH_SR1aBlinded__norm 
INFO: (function: run) Combine.cc: 711  shapeSig_ZH_SR1aBlinded__norm 
INFO: (function: run) Combine.cc: 711  shapeSig_ttH_SR1aBlinded__norm 
INFO: (function: run) Combine.cc: 711  shapeBkg_ttbar_SR1aBlinded__norm 
INFO: (function: run) Combine.cc: 711  shapeBkg_single_top_SR1aBlinded__norm 
INFO: (function: run) Combine.cc: 711  shapeBkg_wjets_SR1aBlinded__norm 
INFO: (function: run) Combine.cc: 711  shapeBkg_rest_bkg_SR1aBlinded__norm 
INFO: (function: run) Combine.cc: 711  shapeSig_ggF_SR1b__norm 
INFO: (function: run) Combine.cc: 711  shapeSig_VBF_SR1b__norm 
INFO: (function: run) Combine.cc: 711  shapeSig_WH_SR1b__norm 
INFO: (function: run) Combine.cc: 711  shapeSig_ZH_SR1b__norm 
INFO: (function: run) Combine.cc: 711  shapeSig_ttH_SR1b__norm 
INFO: (function: run) Combine.cc: 711  shapeBkg_ttbar_SR1b__norm 
INFO: (function: run) Combine.cc: 711  shapeBkg_single_top_SR1b__norm 
INFO: (function: run) Combine.cc: 711  shapeBkg_wjets_SR1b__norm 
INFO: (function: run) Combine.cc: 711  shapeBkg_rest_bkg_SR1b__norm 
INFO: (function: run) Combine.cc: 711  shapeSig_ggF_SR1bBlinded__norm 
INFO: (function: run) Combine.cc: 711  shapeSig_VBF_SR1bBlinded__norm 
INFO: (function: run) Combine.cc: 711  shapeSig_WH_SR1bBlinded__norm 
INFO: (function: run) Combine.cc: 711  shapeSig_ZH_SR1bBlinded__norm 
INFO: (function: run) Combine.cc: 711  shapeSig_ttH_SR1bBlinded__norm 
INFO: (function: run) Combine.cc: 711  shapeBkg_ttbar_SR1bBlinded__norm 
INFO: (function: run) Combine.cc: 711  shapeBkg_single_top_SR1bBlinded__norm 
INFO: (function: run) Combine.cc: 711  shapeBkg_wjets_SR1bBlinded__norm 
INFO: (function: run) Combine.cc: 711  shapeBkg_rest_bkg_SR1bBlinded__norm 
INFO: (function: run) Combine.cc: 711  shapeBkg_ttbar_CR2__norm 
INFO: (function: run) Combine.cc: 711  shapeBkg_single_top_CR2__norm 
INFO: (function: run) Combine.cc: 711  shapeBkg_wjets_CR2__norm 
INFO: (function: run) Combine.cc: 711  shapeBkg_rest_bkg_CR2__norm 
INFO: (function: run) Combine.cc: 711  shapeBkg_ttbar_CR2Blinded__norm 
INFO: (function: run) Combine.cc: 711  shapeBkg_single_top_CR2Blinded__norm 
INFO: (function: run) Combine.cc: 711  shapeBkg_wjets_CR2Blinded__norm 
INFO: (function: run) Combine.cc: 711  shapeBkg_rest_bkg_CR2Blinded__norm 
INFO: (function: run) Combine.cc: 711  shapeSig_ggF_SR2a__norm 
INFO: (function: run) Combine.cc: 711  shapeSig_VBF_SR2a__norm 
INFO: (function: run) Combine.cc: 711  shapeSig_WH_SR2a__norm 
INFO: (function: run) Combine.cc: 711  shapeSig_ZH_SR2a__norm 
INFO: (function: run) Combine.cc: 711  shapeSig_ttH_SR2a__norm 
INFO: (function: run) Combine.cc: 711  shapeBkg_ttbar_SR2a__norm 
INFO: (function: run) Combine.cc: 711  shapeBkg_single_top_SR2a__norm 
INFO: (function: run) Combine.cc: 711  shapeBkg_wjets_SR2a__norm 
INFO: (function: run) Combine.cc: 711  shapeBkg_rest_bkg_SR2a__norm 
INFO: (function: run) Combine.cc: 711  shapeSig_ggF_SR2aBlinded__norm 
INFO: (function: run) Combine.cc: 711  shapeSig_VBF_SR2aBlinded__norm 
INFO: (function: run) Combine.cc: 711  shapeSig_WH_SR2aBlinded__norm 
INFO: (function: run) Combine.cc: 711  shapeSig_ZH_SR2aBlinded__norm 
INFO: (function: run) Combine.cc: 711  shapeSig_ttH_SR2aBlinded__norm 
INFO: (function: run) Combine.cc: 711  shapeBkg_ttbar_SR2aBlinded__norm 
INFO: (function: run) Combine.cc: 711  shapeBkg_single_top_SR2aBlinded__norm 
INFO: (function: run) Combine.cc: 711  shapeBkg_wjets_SR2aBlinded__norm 
INFO: (function: run) Combine.cc: 711  shapeBkg_rest_bkg_SR2aBlinded__norm 
INFO: (function: run) Combine.cc: 711  shapeSig_ggF_SR2b__norm 
INFO: (function: run) Combine.cc: 711  shapeSig_VBF_SR2b__norm 
INFO: (function: run) Combine.cc: 711  shapeSig_WH_SR2b__norm 
INFO: (function: run) Combine.cc: 711  shapeSig_ZH_SR2b__norm 
INFO: (function: run) Combine.cc: 711  shapeSig_ttH_SR2b__norm 
INFO: (function: run) Combine.cc: 711  shapeBkg_ttbar_SR2b__norm 
INFO: (function: run) Combine.cc: 711  shapeBkg_single_top_SR2b__norm 
INFO: (function: run) Combine.cc: 711  shapeBkg_wjets_SR2b__norm 
INFO: (function: run) Combine.cc: 711  shapeBkg_rest_bkg_SR2b__norm 
INFO: (function: run) Combine.cc: 711  shapeSig_ggF_SR2bBlinded__norm 
INFO: (function: run) Combine.cc: 711  shapeSig_VBF_SR2bBlinded__norm 
INFO: (function: run) Combine.cc: 711  shapeSig_WH_SR2bBlinded__norm 
INFO: (function: run) Combine.cc: 711  shapeSig_ZH_SR2bBlinded__norm 
INFO: (function: run) Combine.cc: 711  shapeSig_ttH_SR2bBlinded__norm 
INFO: (function: run) Combine.cc: 711  shapeBkg_ttbar_SR2bBlinded__norm 
INFO: (function: run) Combine.cc: 711  shapeBkg_single_top_SR2bBlinded__norm 
INFO: (function: run) Combine.cc: 711  shapeBkg_wjets_SR2bBlinded__norm 
INFO: (function: run) Combine.cc: 711  shapeBkg_rest_bkg_SR2bBlinded__norm 
INFO: (function: run) Combine.cc: 711  n_exp_binCR1_proc_CMS_HWW_boosted_qcd_datadriven 
INFO: (function: run) Combine.cc: 711  n_exp_binCR1Blinded_proc_CMS_HWW_boosted_qcd_datadriven 
INFO: (function: run) Combine.cc: 711  n_exp_binSR1a_proc_CMS_HWW_boosted_qcd_datadriven 
INFO: (function: run) Combine.cc: 711  n_exp_binSR1aBlinded_proc_CMS_HWW_boosted_qcd_datadriven 
INFO: (function: run) Combine.cc: 711  n_exp_binSR1b_proc_CMS_HWW_boosted_qcd_datadriven 
INFO: (function: run) Combine.cc: 711  n_exp_binSR1bBlinded_proc_CMS_HWW_boosted_qcd_datadriven 
INFO: (function: run) Combine.cc: 711  n_exp_binCR2_proc_CMS_HWW_boosted_qcd_datadriven 
INFO: (function: run) Combine.cc: 711  n_exp_binCR2Blinded_proc_CMS_HWW_boosted_qcd_datadriven 
INFO: (function: run) Combine.cc: 711  n_exp_binSR2a_proc_CMS_HWW_boosted_qcd_datadriven 
INFO: (function: run) Combine.cc: 711  n_exp_binSR2aBlinded_proc_CMS_HWW_boosted_qcd_datadriven 
INFO: (function: run) Combine.cc: 711  n_exp_binSR2b_proc_CMS_HWW_boosted_qcd_datadriven 
INFO: (function: run) Combine.cc: 711  n_exp_binSR2bBlinded_proc_CMS_HWW_boosted_qcd_datadriven 
INFO: (function: asimovDatasetWithFit) AsimovUtils.cc: 69 -- Parameters after fit for asimov dataset
INFO: (function: asimovDatasetWithFit) AsimovUtils.cc: 73 -- BR_hww = 0 
INFO: (function: asimovDatasetWithFit) AsimovUtils.cc: 73 -- BR_hww_In = 0 (constant)
INFO: (function: asimovDatasetWithFit) AsimovUtils.cc: 73 -- CMS_HWW_boosted_CR1_mcstat_bin0 = 0.00046833 
INFO: (function: asimovDatasetWithFit) AsimovUtils.cc: 73 -- CMS_HWW_boosted_CR1_mcstat_bin0_In = 0 (constant)
INFO: (function: asimovDatasetWithFit) AsimovUtils.cc: 73 -- CMS_HWW_boosted_CR1_mcstat_bin1 = 0.000344791 
INFO: (function: asimovDatasetWithFit) AsimovUtils.cc: 73 -- CMS_HWW_boosted_CR1_mcstat_bin10 = 0.00272691 
INFO: (function: asimovDatasetWithFit) AsimovUtils.cc: 73 -- CMS_HWW_boosted_CR1_mcstat_bin10_In = 0 (constant)
INFO: (function: asimovDatasetWithFit) AsimovUtils.cc: 73 -- CMS_HWW_boosted_CR1_mcstat_bin11 = -0.00639603 
INFO: (function: asimovDatasetWithFit) AsimovUtils.cc: 73 -- CMS_HWW_boosted_CR1_mcstat_bin11_In = 0 (constant)
INFO: (function: asimovDatasetWithFit) AsimovUtils.cc: 73 -- CMS_HWW_boosted_CR1_mcstat_bin12 = 0.00436002 
INFO: (function: asimovDatasetWithFit) AsimovUtils.cc: 73 -- CMS_HWW_boosted_CR1_mcstat_bin12_In = 0 (constant)
INFO: (function: asimovDatasetWithFit) AsimovUtils.cc: 73 -- CMS_HWW_boosted_CR1_mcstat_bin13 = 0.0016677 
INFO: (function: asimovDatasetWithFit) AsimovUtils.cc: 73 -- CMS_HWW_boosted_CR1_mcstat_bin13_In = 0 (constant)
INFO: (function: asimovDatasetWithFit) AsimovUtils.cc: 73 -- CMS_HWW_boosted_CR1_mcstat_bin14 = 0.00230191 
INFO: (function: asimovDatasetWithFit) AsimovUtils.cc: 73 -- CMS_HWW_boosted_CR1_mcstat_bin14_In = 0 (constant)
INFO: (function: asimovDatasetWithFit) AsimovUtils.cc: 73 -- CMS_HWW_boosted_CR1_mcstat_bin15 = -2.57969e-05 
INFO: (function: asimovDatasetWithFit) AsimovUtils.cc: 73 -- CMS_HWW_boosted_CR1_mcstat_bin15_In = 0 (constant)
INFO: (function: asimovDatasetWithFit) AsimovUtils.cc: 73 -- CMS_HWW_boosted_CR1_mcstat_bin16 = -0.00763199 
INFO: (function: asimovDatasetWithFit) AsimovUtils.cc: 73 -- CMS_HWW_boosted_CR1_mcstat_bin16_In = 0 (constant)
INFO: (function: asimovDatasetWithFit) AsimovUtils.cc: 73 -- CMS_HWW_boosted_CR1_mcstat_bin17 = 9.53566e-05 
INFO: (function: asimovDatasetWithFit) AsimovUtils.cc: 73 -- CMS_HWW_boosted_CR1_mcstat_bin17_In = 0 (constant)
INFO: (function: asimovDatasetWithFit) AsimovUtils.cc: 73 -- CMS_HWW_boosted_CR1_mcstat_bin18 = 0.00567932 
INFO: (function: asimovDatasetWithFit) AsimovUtils.cc: 73 -- CMS_HWW_boosted_CR1_mcstat_bin18_In = 0 (constant)
INFO: (function: asimovDatasetWithFit) AsimovUtils.cc: 73 -- CMS_HWW_boosted_CR1_mcstat_bin19 = -0.00377074 
INFO: (function: asimovDatasetWithFit) AsimovUtils.cc: 73 -- CMS_HWW_boosted_CR1_mcstat_bin19_In = 0 (constant)
INFO: (function: asimovDatasetWithFit) AsimovUtils.cc: 73 -- CMS_HWW_boosted_CR1_mcstat_bin1_In = 0 (constant)
INFO: (function: asimovDatasetWithFit) AsimovUtils.cc: 73 -- CMS_HWW_boosted_CR1_mcstat_bin2 = 0.000259779 
INFO: (function: asimovDatasetWithFit) AsimovUtils.cc: 73 -- CMS_HWW_boosted_CR1_mcstat_bin2_In = 0 (constant)
INFO: (function: asimovDatasetWithFit) AsimovUtils.cc: 73 -- CMS_HWW_boosted_CR1_mcstat_bin3 = -0.000834162 
INFO: (function: asimovDatasetWithFit) AsimovUtils.cc: 73 -- CMS_HWW_boosted_CR1_mcstat_bin3_In = 0 (constant)
INFO: (function: asimovDatasetWithFit) AsimovUtils.cc: 73 -- CMS_HWW_boosted_CR1_mcstat_bin4 = 0 
INFO: (function: asimovDatasetWithFit) AsimovUtils.cc: 73 -- CMS_HWW_boosted_CR1_mcstat_bin4_In = 0 (constant)
INFO: (function: asimovDatasetWithFit) AsimovUtils.cc: 73 -- CMS_HWW_boosted_CR1_mcstat_bin5 = 0 
INFO: (function: asimovDatasetWithFit) AsimovUtils.cc: 73 -- CMS_HWW_boosted_CR1_mcstat_bin5_In = 0 (constant)
INFO: (function: asimovDatasetWithFit) AsimovUtils.cc: 73 -- CMS_HWW_boosted_CR1_mcstat_bin6 = 0 
INFO: (function: asimovDatasetWithFit) AsimovUtils.cc: 73 -- CMS_HWW_boosted_CR1_mcstat_bin6_In = 0 (constant)
INFO: (function: asimovDatasetWithFit) AsimovUtils.cc: 73 -- CMS_HWW_boosted_CR1_mcstat_bin7 = 0 
INFO: (function: asimovDatasetWithFit) AsimovUtils.cc: 73 -- CMS_HWW_boosted_CR1_mcstat_bin7_In = 0 (constant)
INFO: (function: asimovDatasetWithFit) AsimovUtils.cc: 73 -- CMS_HWW_boosted_CR1_mcstat_bin8 = 0 
INFO: (function: asimovDatasetWithFit) AsimovUtils.cc: 73 -- CMS_HWW_boosted_CR1_mcstat_bin8_In = 0 (constant)
INFO: (function: asimovDatasetWithFit) AsimovUtils.cc: 73 -- CMS_HWW_boosted_CR1_mcstat_bin9 = 0 
INFO: (function: asimovDatasetWithFit) AsimovUtils.cc: 73 -- CMS_HWW_boosted_CR1_mcstat_bin9_In = 0 (constant)
INFO: (function: asimovDatasetWithFit) AsimovUtils.cc: 73 -- CMS_HWW_boosted_CR2_mcstat_bin0 = -0.00401463 
INFO: (function: asimovDatasetWithFit) AsimovUtils.cc: 73 -- CMS_HWW_boosted_CR2_mcstat_bin0_In = 0 (constant)
INFO: (function: asimovDatasetWithFit) AsimovUtils.cc: 73 -- CMS_HWW_boosted_CR2_mcstat_bin1 = -0.00291863 
INFO: (function: asimovDatasetWithFit) AsimovUtils.cc: 73 -- CMS_HWW_boosted_CR2_mcstat_bin10 = -0.0016239 
INFO: (function: asimovDatasetWithFit) AsimovUtils.cc: 73 -- CMS_HWW_boosted_CR2_mcstat_bin10_In = 0 (constant)
INFO: (function: asimovDatasetWithFit) AsimovUtils.cc: 73 -- CMS_HWW_boosted_CR2_mcstat_bin11 = -0.00307558 
INFO: (function: asimovDatasetWithFit) AsimovUtils.cc: 73 -- CMS_HWW_boosted_CR2_mcstat_bin11_In = 0 (constant)
INFO: (function: asimovDatasetWithFit) AsimovUtils.cc: 73 -- CMS_HWW_boosted_CR2_mcstat_bin12 = 0.00101324 
INFO: (function: asimovDatasetWithFit) AsimovUtils.cc: 73 -- CMS_HWW_boosted_CR2_mcstat_bin12_In = 0 (constant)
INFO: (function: asimovDatasetWithFit) AsimovUtils.cc: 73 -- CMS_HWW_boosted_CR2_mcstat_bin13 = -0.0107219 
INFO: (function: asimovDatasetWithFit) AsimovUtils.cc: 73 -- CMS_HWW_boosted_CR2_mcstat_bin13_In = 0 (constant)
INFO: (function: asimovDatasetWithFit) AsimovUtils.cc: 73 -- CMS_HWW_boosted_CR2_mcstat_bin14 = -0.00457314 
INFO: (function: asimovDatasetWithFit) AsimovUtils.cc: 73 -- CMS_HWW_boosted_CR2_mcstat_bin14_In = 0 (constant)
INFO: (function: asimovDatasetWithFit) AsimovUtils.cc: 73 -- CMS_HWW_boosted_CR2_mcstat_bin15 = 0.00150564 
INFO: (function: asimovDatasetWithFit) AsimovUtils.cc: 73 -- CMS_HWW_boosted_CR2_mcstat_bin15_In = 0 (constant)
INFO: (function: asimovDatasetWithFit) AsimovUtils.cc: 73 -- CMS_HWW_boosted_CR2_mcstat_bin16 = 0.015651 
INFO: (function: asimovDatasetWithFit) AsimovUtils.cc: 73 -- CMS_HWW_boosted_CR2_mcstat_bin16_In = 0 (constant)
INFO: (function: asimovDatasetWithFit) AsimovUtils.cc: 73 -- CMS_HWW_boosted_CR2_mcstat_bin17 = 0.00337308 
INFO: (function: asimovDatasetWithFit) AsimovUtils.cc: 73 -- CMS_HWW_boosted_CR2_mcstat_bin17_In = 0 (constant)
INFO: (function: asimovDatasetWithFit) AsimovUtils.cc: 73 -- CMS_HWW_boosted_CR2_mcstat_bin18 = 0.00194089 
INFO: (function: asimovDatasetWithFit) AsimovUtils.cc: 73 -- CMS_HWW_boosted_CR2_mcstat_bin18_In = 0 (constant)
INFO: (function: asimovDatasetWithFit) AsimovUtils.cc: 73 -- CMS_HWW_boosted_CR2_mcstat_bin19 = 0.00253196 
INFO: (function: asimovDatasetWithFit) AsimovUtils.cc: 73 -- CMS_HWW_boosted_CR2_mcstat_bin19_In = 0 (constant)
INFO: (function: asimovDatasetWithFit) AsimovUtils.cc: 73 -- CMS_HWW_boosted_CR2_mcstat_bin1_In = 0 (constant)
INFO: (function: asimovDatasetWithFit) AsimovUtils.cc: 73 -- CMS_HWW_boosted_CR2_mcstat_bin2 = 0.00252296 
INFO: (function: asimovDatasetWithFit) AsimovUtils.cc: 73 -- CMS_HWW_boosted_CR2_mcstat_bin2_In = 0 (constant)
INFO: (function: asimovDatasetWithFit) AsimovUtils.cc: 73 -- CMS_HWW_boosted_CR2_mcstat_bin3 = 0.00228958 
INFO: (function: asimovDatasetWithFit) AsimovUtils.cc: 73 -- CMS_HWW_boosted_CR2_mcstat_bin3_In = 0 (constant)
INFO: (function: asimovDatasetWithFit) AsimovUtils.cc: 73 -- CMS_HWW_boosted_CR2_mcstat_bin4 = 0 
INFO: (function: asimovDatasetWithFit) AsimovUtils.cc: 73 -- CMS_HWW_boosted_CR2_mcstat_bin4_In = 0 (constant)
INFO: (function: asimovDatasetWithFit) AsimovUtils.cc: 73 -- CMS_HWW_boosted_CR2_mcstat_bin5 = 0 
INFO: (function: asimovDatasetWithFit) AsimovUtils.cc: 73 -- CMS_HWW_boosted_CR2_mcstat_bin5_In = 0 (constant)
INFO: (function: asimovDatasetWithFit) AsimovUtils.cc: 73 -- CMS_HWW_boosted_CR2_mcstat_bin6 = 0 
INFO: (function: asimovDatasetWithFit) AsimovUtils.cc: 73 -- CMS_HWW_boosted_CR2_mcstat_bin6_In = 0 (constant)
INFO: (function: asimovDatasetWithFit) AsimovUtils.cc: 73 -- CMS_HWW_boosted_CR2_mcstat_bin7 = 0 
INFO: (function: asimovDatasetWithFit) AsimovUtils.cc: 73 -- CMS_HWW_boosted_CR2_mcstat_bin7_In = 0 (constant)
INFO: (function: asimovDatasetWithFit) AsimovUtils.cc: 73 -- CMS_HWW_boosted_CR2_mcstat_bin8 = 0 
INFO: (function: asimovDatasetWithFit) AsimovUtils.cc: 73 -- CMS_HWW_boosted_CR2_mcstat_bin8_In = 0 (constant)
INFO: (function: asimovDatasetWithFit) AsimovUtils.cc: 73 -- CMS_HWW_boosted_CR2_mcstat_bin9 = 0 
INFO: (function: asimovDatasetWithFit) AsimovUtils.cc: 73 -- CMS_HWW_boosted_CR2_mcstat_bin9_In = 0 (constant)
INFO: (function: asimovDatasetWithFit) AsimovUtils.cc: 73 -- CMS_HWW_boosted_SR1a_mcstat_bin0 = -0.0113376 
INFO: (function: asimovDatasetWithFit) AsimovUtils.cc: 73 -- CMS_HWW_boosted_SR1a_mcstat_bin0_In = 0 (constant)
INFO: (function: asimovDatasetWithFit) AsimovUtils.cc: 73 -- CMS_HWW_boosted_SR1a_mcstat_bin1 = 0.00726929 
INFO: (function: asimovDatasetWithFit) AsimovUtils.cc: 73 -- CMS_HWW_boosted_SR1a_mcstat_bin10 = -0.00820128 
INFO: (function: asimovDatasetWithFit) AsimovUtils.cc: 73 -- CMS_HWW_boosted_SR1a_mcstat_bin10_In = 0 (constant)
INFO: (function: asimovDatasetWithFit) AsimovUtils.cc: 73 -- CMS_HWW_boosted_SR1a_mcstat_bin11 = 0.109787 
INFO: (function: asimovDatasetWithFit) AsimovUtils.cc: 73 -- CMS_HWW_boosted_SR1a_mcstat_bin11_In = 0 (constant)
INFO: (function: asimovDatasetWithFit) AsimovUtils.cc: 73 -- CMS_HWW_boosted_SR1a_mcstat_bin12 = -0.115042 
INFO: (function: asimovDatasetWithFit) AsimovUtils.cc: 73 -- CMS_HWW_boosted_SR1a_mcstat_bin12_In = 0 (constant)
INFO: (function: asimovDatasetWithFit) AsimovUtils.cc: 73 -- CMS_HWW_boosted_SR1a_mcstat_bin13 = 0.0247311 
INFO: (function: asimovDatasetWithFit) AsimovUtils.cc: 73 -- CMS_HWW_boosted_SR1a_mcstat_bin13_In = 0 (constant)
INFO: (function: asimovDatasetWithFit) AsimovUtils.cc: 73 -- CMS_HWW_boosted_SR1a_mcstat_bin14 = 0.0971167 
INFO: (function: asimovDatasetWithFit) AsimovUtils.cc: 73 -- CMS_HWW_boosted_SR1a_mcstat_bin14_In = 0 (constant)
INFO: (function: asimovDatasetWithFit) AsimovUtils.cc: 73 -- CMS_HWW_boosted_SR1a_mcstat_bin15 = -0.0631682 
INFO: (function: asimovDatasetWithFit) AsimovUtils.cc: 73 -- CMS_HWW_boosted_SR1a_mcstat_bin15_In = 0 (constant)
INFO: (function: asimovDatasetWithFit) AsimovUtils.cc: 73 -- CMS_HWW_boosted_SR1a_mcstat_bin16 = 0.00718971 
INFO: (function: asimovDatasetWithFit) AsimovUtils.cc: 73 -- CMS_HWW_boosted_SR1a_mcstat_bin16_In = 0 (constant)
INFO: (function: asimovDatasetWithFit) AsimovUtils.cc: 73 -- CMS_HWW_boosted_SR1a_mcstat_bin17 = -0.163158 
INFO: (function: asimovDatasetWithFit) AsimovUtils.cc: 73 -- CMS_HWW_boosted_SR1a_mcstat_bin17_In = 0 (constant)
INFO: (function: asimovDatasetWithFit) AsimovUtils.cc: 73 -- CMS_HWW_boosted_SR1a_mcstat_bin18 = 0.0281467 
INFO: (function: asimovDatasetWithFit) AsimovUtils.cc: 73 -- CMS_HWW_boosted_SR1a_mcstat_bin18_In = 0 (constant)
INFO: (function: asimovDatasetWithFit) AsimovUtils.cc: 73 -- CMS_HWW_boosted_SR1a_mcstat_bin19 = 0.109337 
INFO: (function: asimovDatasetWithFit) AsimovUtils.cc: 73 -- CMS_HWW_boosted_SR1a_mcstat_bin19_In = 0 (constant)
INFO: (function: asimovDatasetWithFit) AsimovUtils.cc: 73 -- CMS_HWW_boosted_SR1a_mcstat_bin1_In = 0 (constant)
INFO: (function: asimovDatasetWithFit) AsimovUtils.cc: 73 -- CMS_HWW_boosted_SR1a_mcstat_bin2 = 0.0808069 
INFO: (function: asimovDatasetWithFit) AsimovUtils.cc: 73 -- CMS_HWW_boosted_SR1a_mcstat_bin2_In = 0 (constant)
INFO: (function: asimovDatasetWithFit) AsimovUtils.cc: 73 -- CMS_HWW_boosted_SR1a_mcstat_bin3 = -0.0220099 
INFO: (function: asimovDatasetWithFit) AsimovUtils.cc: 73 -- CMS_HWW_boosted_SR1a_mcstat_bin3_In = 0 (constant)
INFO: (function: asimovDatasetWithFit) AsimovUtils.cc: 73 -- CMS_HWW_boosted_SR1a_mcstat_bin4 = 0 
INFO: (function: asimovDatasetWithFit) AsimovUtils.cc: 73 -- CMS_HWW_boosted_SR1a_mcstat_bin4_In = 0 (constant)
INFO: (function: asimovDatasetWithFit) AsimovUtils.cc: 73 -- CMS_HWW_boosted_SR1a_mcstat_bin5 = 0 
INFO: (function: asimovDatasetWithFit) AsimovUtils.cc: 73 -- CMS_HWW_boosted_SR1a_mcstat_bin5_In = 0 (constant)
INFO: (function: asimovDatasetWithFit) AsimovUtils.cc: 73 -- CMS_HWW_boosted_SR1a_mcstat_bin6 = 0 
INFO: (function: asimovDatasetWithFit) AsimovUtils.cc: 73 -- CMS_HWW_boosted_SR1a_mcstat_bin6_In = 0 (constant)
INFO: (function: asimovDatasetWithFit) AsimovUtils.cc: 73 -- CMS_HWW_boosted_SR1a_mcstat_bin7 = 0 
INFO: (function: asimovDatasetWithFit) AsimovUtils.cc: 73 -- CMS_HWW_boosted_SR1a_mcstat_bin7_In = 0 (constant)
INFO: (function: asimovDatasetWithFit) AsimovUtils.cc: 73 -- CMS_HWW_boosted_SR1a_mcstat_bin8 = 0 
INFO: (function: asimovDatasetWithFit) AsimovUtils.cc: 73 -- CMS_HWW_boosted_SR1a_mcstat_bin8_In = 0 (constant)
INFO: (function: asimovDatasetWithFit) AsimovUtils.cc: 73 -- CMS_HWW_boosted_SR1a_mcstat_bin9 = 0 
INFO: (function: asimovDatasetWithFit) AsimovUtils.cc: 73 -- CMS_HWW_boosted_SR1a_mcstat_bin9_In = 0 (constant)
INFO: (function: asimovDatasetWithFit) AsimovUtils.cc: 73 -- CMS_HWW_boosted_SR1b_mcstat_bin0 = -0.00964752 
INFO: (function: asimovDatasetWithFit) AsimovUtils.cc: 73 -- CMS_HWW_boosted_SR1b_mcstat_bin0_In = 0 (constant)
INFO: (function: asimovDatasetWithFit) AsimovUtils.cc: 73 -- CMS_HWW_boosted_SR1b_mcstat_bin1 = -0.00181632 
INFO: (function: asimovDatasetWithFit) AsimovUtils.cc: 73 -- CMS_HWW_boosted_SR1b_mcstat_bin10 = -0.0606407 
INFO: (function: asimovDatasetWithFit) AsimovUtils.cc: 73 -- CMS_HWW_boosted_SR1b_mcstat_bin10_In = 0 (constant)
INFO: (function: asimovDatasetWithFit) AsimovUtils.cc: 73 -- CMS_HWW_boosted_SR1b_mcstat_bin11 = 0.131891 
INFO: (function: asimovDatasetWithFit) AsimovUtils.cc: 73 -- CMS_HWW_boosted_SR1b_mcstat_bin11_In = 0 (constant)
INFO: (function: asimovDatasetWithFit) AsimovUtils.cc: 73 -- CMS_HWW_boosted_SR1b_mcstat_bin12 = -0.0831726 
INFO: (function: asimovDatasetWithFit) AsimovUtils.cc: 73 -- CMS_HWW_boosted_SR1b_mcstat_bin12_In = 0 (constant)
INFO: (function: asimovDatasetWithFit) AsimovUtils.cc: 73 -- CMS_HWW_boosted_SR1b_mcstat_bin13 = -0.0345307 
INFO: (function: asimovDatasetWithFit) AsimovUtils.cc: 73 -- CMS_HWW_boosted_SR1b_mcstat_bin13_In = 0 (constant)
INFO: (function: asimovDatasetWithFit) AsimovUtils.cc: 73 -- CMS_HWW_boosted_SR1b_mcstat_bin14 = -0.0503708 
INFO: (function: asimovDatasetWithFit) AsimovUtils.cc: 73 -- CMS_HWW_boosted_SR1b_mcstat_bin14_In = 0 (constant)
INFO: (function: asimovDatasetWithFit) AsimovUtils.cc: 73 -- CMS_HWW_boosted_SR1b_mcstat_bin15 = 0.0100912 
INFO: (function: asimovDatasetWithFit) AsimovUtils.cc: 73 -- CMS_HWW_boosted_SR1b_mcstat_bin15_In = 0 (constant)
INFO: (function: asimovDatasetWithFit) AsimovUtils.cc: 73 -- CMS_HWW_boosted_SR1b_mcstat_bin16 = 0.115645 
INFO: (function: asimovDatasetWithFit) AsimovUtils.cc: 73 -- CMS_HWW_boosted_SR1b_mcstat_bin16_In = 0 (constant)
INFO: (function: asimovDatasetWithFit) AsimovUtils.cc: 73 -- CMS_HWW_boosted_SR1b_mcstat_bin17 = 0.0159441 
INFO: (function: asimovDatasetWithFit) AsimovUtils.cc: 73 -- CMS_HWW_boosted_SR1b_mcstat_bin17_In = 0 (constant)
INFO: (function: asimovDatasetWithFit) AsimovUtils.cc: 73 -- CMS_HWW_boosted_SR1b_mcstat_bin18 = -0.0864119 
INFO: (function: asimovDatasetWithFit) AsimovUtils.cc: 73 -- CMS_HWW_boosted_SR1b_mcstat_bin18_In = 0 (constant)
INFO: (function: asimovDatasetWithFit) AsimovUtils.cc: 73 -- CMS_HWW_boosted_SR1b_mcstat_bin19 = 0.0382295 
INFO: (function: asimovDatasetWithFit) AsimovUtils.cc: 73 -- CMS_HWW_boosted_SR1b_mcstat_bin19_In = 0 (constant)
INFO: (function: asimovDatasetWithFit) AsimovUtils.cc: 73 -- CMS_HWW_boosted_SR1b_mcstat_bin1_In = 0 (constant)
INFO: (function: asimovDatasetWithFit) AsimovUtils.cc: 73 -- CMS_HWW_boosted_SR1b_mcstat_bin2 = -0.00340136 
INFO: (function: asimovDatasetWithFit) AsimovUtils.cc: 73 -- CMS_HWW_boosted_SR1b_mcstat_bin2_In = 0 (constant)
INFO: (function: asimovDatasetWithFit) AsimovUtils.cc: 73 -- CMS_HWW_boosted_SR1b_mcstat_bin3 = 0.0175076 
INFO: (function: asimovDatasetWithFit) AsimovUtils.cc: 73 -- CMS_HWW_boosted_SR1b_mcstat_bin3_In = 0 (constant)
INFO: (function: asimovDatasetWithFit) AsimovUtils.cc: 73 -- CMS_HWW_boosted_SR1b_mcstat_bin4 = 0 
INFO: (function: asimovDatasetWithFit) AsimovUtils.cc: 73 -- CMS_HWW_boosted_SR1b_mcstat_bin4_In = 0 (constant)
INFO: (function: asimovDatasetWithFit) AsimovUtils.cc: 73 -- CMS_HWW_boosted_SR1b_mcstat_bin5 = 0 
INFO: (function: asimovDatasetWithFit) AsimovUtils.cc: 73 -- CMS_HWW_boosted_SR1b_mcstat_bin5_In = 0 (constant)
INFO: (function: asimovDatasetWithFit) AsimovUtils.cc: 73 -- CMS_HWW_boosted_SR1b_mcstat_bin6 = 0 
INFO: (function: asimovDatasetWithFit) AsimovUtils.cc: 73 -- CMS_HWW_boosted_SR1b_mcstat_bin6_In = 0 (constant)
INFO: (function: asimovDatasetWithFit) AsimovUtils.cc: 73 -- CMS_HWW_boosted_SR1b_mcstat_bin7 = 0 
INFO: (function: asimovDatasetWithFit) AsimovUtils.cc: 73 -- CMS_HWW_boosted_SR1b_mcstat_bin7_In = 0 (constant)
INFO: (function: asimovDatasetWithFit) AsimovUtils.cc: 73 -- CMS_HWW_boosted_SR1b_mcstat_bin8 = 0 
INFO: (function: asimovDatasetWithFit) AsimovUtils.cc: 73 -- CMS_HWW_boosted_SR1b_mcstat_bin8_In = 0 (constant)
INFO: (function: asimovDatasetWithFit) AsimovUtils.cc: 73 -- CMS_HWW_boosted_SR1b_mcstat_bin9 = 0 
INFO: (function: asimovDatasetWithFit) AsimovUtils.cc: 73 -- CMS_HWW_boosted_SR1b_mcstat_bin9_In = 0 (constant)
INFO: (function: asimovDatasetWithFit) AsimovUtils.cc: 73 -- CMS_HWW_boosted_SR2a_VBF_mcstat_bin0 = 0 
INFO: (function: asimovDatasetWithFit) AsimovUtils.cc: 73 -- CMS_HWW_boosted_SR2a_VBF_mcstat_bin0_In = 0 (constant)
INFO: (function: asimovDatasetWithFit) AsimovUtils.cc: 73 -- CMS_HWW_boosted_SR2a_VBF_mcstat_bin4 = 0 
INFO: (function: asimovDatasetWithFit) AsimovUtils.cc: 73 -- CMS_HWW_boosted_SR2a_VBF_mcstat_bin4_In = 0 (constant)
INFO: (function: asimovDatasetWithFit) AsimovUtils.cc: 73 -- CMS_HWW_boosted_SR2a_WH_mcstat_bin0 = 0 
INFO: (function: asimovDatasetWithFit) AsimovUtils.cc: 73 -- CMS_HWW_boosted_SR2a_WH_mcstat_bin0_In = 0 (constant)
INFO: (function: asimovDatasetWithFit) AsimovUtils.cc: 73 -- CMS_HWW_boosted_SR2a_WH_mcstat_bin4 = 0 
INFO: (function: asimovDatasetWithFit) AsimovUtils.cc: 73 -- CMS_HWW_boosted_SR2a_WH_mcstat_bin4_In = 0 (constant)
INFO: (function: asimovDatasetWithFit) AsimovUtils.cc: 73 -- CMS_HWW_boosted_SR2a_ZH_mcstat_bin0 = 0 
INFO: (function: asimovDatasetWithFit) AsimovUtils.cc: 73 -- CMS_HWW_boosted_SR2a_ZH_mcstat_bin0_In = 0 (constant)
INFO: (function: asimovDatasetWithFit) AsimovUtils.cc: 73 -- CMS_HWW_boosted_SR2a_ZH_mcstat_bin4 = 0 
INFO: (function: asimovDatasetWithFit) AsimovUtils.cc: 73 -- CMS_HWW_boosted_SR2a_ZH_mcstat_bin4_In = 0 (constant)
INFO: (function: asimovDatasetWithFit) AsimovUtils.cc: 73 -- CMS_HWW_boosted_SR2a_ggF_mcstat_bin0 = 0 
INFO: (function: asimovDatasetWithFit) AsimovUtils.cc: 73 -- CMS_HWW_boosted_SR2a_ggF_mcstat_bin0_In = 0 (constant)
INFO: (function: asimovDatasetWithFit) AsimovUtils.cc: 73 -- CMS_HWW_boosted_SR2a_ggF_mcstat_bin4 = 0 
INFO: (function: asimovDatasetWithFit) AsimovUtils.cc: 73 -- CMS_HWW_boosted_SR2a_ggF_mcstat_bin4_In = 0 (constant)
INFO: (function: asimovDatasetWithFit) AsimovUtils.cc: 73 -- CMS_HWW_boosted_SR2a_mcstat_bin1 = -0.0419541 
INFO: (function: asimovDatasetWithFit) AsimovUtils.cc: 73 -- CMS_HWW_boosted_SR2a_mcstat_bin10 = -0.233098 
INFO: (function: asimovDatasetWithFit) AsimovUtils.cc: 73 -- CMS_HWW_boosted_SR2a_mcstat_bin10_In = 0 (constant)
INFO: (function: asimovDatasetWithFit) AsimovUtils.cc: 73 -- CMS_HWW_boosted_SR2a_mcstat_bin11 = -0.246629 
INFO: (function: asimovDatasetWithFit) AsimovUtils.cc: 73 -- CMS_HWW_boosted_SR2a_mcstat_bin11_In = 0 (constant)
INFO: (function: asimovDatasetWithFit) AsimovUtils.cc: 73 -- CMS_HWW_boosted_SR2a_mcstat_bin12 = -0.0591032 
INFO: (function: asimovDatasetWithFit) AsimovUtils.cc: 73 -- CMS_HWW_boosted_SR2a_mcstat_bin12_In = 0 (constant)
INFO: (function: asimovDatasetWithFit) AsimovUtils.cc: 73 -- CMS_HWW_boosted_SR2a_mcstat_bin13 = 0.292725 
INFO: (function: asimovDatasetWithFit) AsimovUtils.cc: 73 -- CMS_HWW_boosted_SR2a_mcstat_bin13_In = 0 (constant)
INFO: (function: asimovDatasetWithFit) AsimovUtils.cc: 73 -- CMS_HWW_boosted_SR2a_mcstat_bin14 = 0.451781 
INFO: (function: asimovDatasetWithFit) AsimovUtils.cc: 73 -- CMS_HWW_boosted_SR2a_mcstat_bin14_In = 0 (constant)
INFO: (function: asimovDatasetWithFit) AsimovUtils.cc: 73 -- CMS_HWW_boosted_SR2a_mcstat_bin15 = 0.0844041 
INFO: (function: asimovDatasetWithFit) AsimovUtils.cc: 73 -- CMS_HWW_boosted_SR2a_mcstat_bin15_In = 0 (constant)
INFO: (function: asimovDatasetWithFit) AsimovUtils.cc: 73 -- CMS_HWW_boosted_SR2a_mcstat_bin16 = -0.14567 
INFO: (function: asimovDatasetWithFit) AsimovUtils.cc: 73 -- CMS_HWW_boosted_SR2a_mcstat_bin16_In = 0 (constant)
INFO: (function: asimovDatasetWithFit) AsimovUtils.cc: 73 -- CMS_HWW_boosted_SR2a_mcstat_bin17 = -0.125457 
INFO: (function: asimovDatasetWithFit) AsimovUtils.cc: 73 -- CMS_HWW_boosted_SR2a_mcstat_bin17_In = 0 (constant)
INFO: (function: asimovDatasetWithFit) AsimovUtils.cc: 73 -- CMS_HWW_boosted_SR2a_mcstat_bin18 = 0.110471 
INFO: (function: asimovDatasetWithFit) AsimovUtils.cc: 73 -- CMS_HWW_boosted_SR2a_mcstat_bin18_In = 0 (constant)
INFO: (function: asimovDatasetWithFit) AsimovUtils.cc: 73 -- CMS_HWW_boosted_SR2a_mcstat_bin19 = -0.235333 
INFO: (function: asimovDatasetWithFit) AsimovUtils.cc: 73 -- CMS_HWW_boosted_SR2a_mcstat_bin19_In = 0 (constant)
INFO: (function: asimovDatasetWithFit) AsimovUtils.cc: 73 -- CMS_HWW_boosted_SR2a_mcstat_bin1_In = 0 (constant)
INFO: (function: asimovDatasetWithFit) AsimovUtils.cc: 73 -- CMS_HWW_boosted_SR2a_mcstat_bin2 = -0.133865 
INFO: (function: asimovDatasetWithFit) AsimovUtils.cc: 73 -- CMS_HWW_boosted_SR2a_mcstat_bin2_In = 0 (constant)
INFO: (function: asimovDatasetWithFit) AsimovUtils.cc: 73 -- CMS_HWW_boosted_SR2a_mcstat_bin3 = -0.162716 
INFO: (function: asimovDatasetWithFit) AsimovUtils.cc: 73 -- CMS_HWW_boosted_SR2a_mcstat_bin3_In = 0 (constant)
INFO: (function: asimovDatasetWithFit) AsimovUtils.cc: 73 -- CMS_HWW_boosted_SR2a_mcstat_bin5 = 0 
INFO: (function: asimovDatasetWithFit) AsimovUtils.cc: 73 -- CMS_HWW_boosted_SR2a_mcstat_bin5_In = 0 (constant)
INFO: (function: asimovDatasetWithFit) AsimovUtils.cc: 73 -- CMS_HWW_boosted_SR2a_mcstat_bin6 = 0 
INFO: (function: asimovDatasetWithFit) AsimovUtils.cc: 73 -- CMS_HWW_boosted_SR2a_mcstat_bin6_In = 0 (constant)
INFO: (function: asimovDatasetWithFit) AsimovUtils.cc: 73 -- CMS_HWW_boosted_SR2a_mcstat_bin7 = 0 
INFO: (function: asimovDatasetWithFit) AsimovUtils.cc: 73 -- CMS_HWW_boosted_SR2a_mcstat_bin7_In = 0 (constant)
INFO: (function: asimovDatasetWithFit) AsimovUtils.cc: 73 -- CMS_HWW_boosted_SR2a_mcstat_bin8 = 0 
INFO: (function: asimovDatasetWithFit) AsimovUtils.cc: 73 -- CMS_HWW_boosted_SR2a_mcstat_bin8_In = 0 (constant)
INFO: (function: asimovDatasetWithFit) AsimovUtils.cc: 73 -- CMS_HWW_boosted_SR2a_mcstat_bin9 = 0 
INFO: (function: asimovDatasetWithFit) AsimovUtils.cc: 73 -- CMS_HWW_boosted_SR2a_mcstat_bin9_In = 0 (constant)
INFO: (function: asimovDatasetWithFit) AsimovUtils.cc: 73 -- CMS_HWW_boosted_SR2a_rest_bkg_mcstat_bin4 = 0 
INFO: (function: asimovDatasetWithFit) AsimovUtils.cc: 73 -- CMS_HWW_boosted_SR2a_rest_bkg_mcstat_bin4_In = 0 (constant)
INFO: (function: asimovDatasetWithFit) AsimovUtils.cc: 73 -- CMS_HWW_boosted_SR2a_single_top_mcstat_bin4 = 0 
INFO: (function: asimovDatasetWithFit) AsimovUtils.cc: 73 -- CMS_HWW_boosted_SR2a_single_top_mcstat_bin4_In = 0 (constant)
INFO: (function: asimovDatasetWithFit) AsimovUtils.cc: 73 -- CMS_HWW_boosted_SR2a_ttH_mcstat_bin0 = 0 
INFO: (function: asimovDatasetWithFit) AsimovUtils.cc: 73 -- CMS_HWW_boosted_SR2a_ttH_mcstat_bin0_In = 0 (constant)
INFO: (function: asimovDatasetWithFit) AsimovUtils.cc: 73 -- CMS_HWW_boosted_SR2a_ttH_mcstat_bin4 = 0 
INFO: (function: asimovDatasetWithFit) AsimovUtils.cc: 73 -- CMS_HWW_boosted_SR2a_ttH_mcstat_bin4_In = 0 (constant)
INFO: (function: asimovDatasetWithFit) AsimovUtils.cc: 73 -- CMS_HWW_boosted_SR2a_ttbar_mcstat_bin0 = 0.0272871 
INFO: (function: asimovDatasetWithFit) AsimovUtils.cc: 73 -- CMS_HWW_boosted_SR2a_ttbar_mcstat_bin0_In = 0 (constant)
INFO: (function: asimovDatasetWithFit) AsimovUtils.cc: 73 -- CMS_HWW_boosted_SR2a_ttbar_mcstat_bin4 = 0 
INFO: (function: asimovDatasetWithFit) AsimovUtils.cc: 73 -- CMS_HWW_boosted_SR2a_ttbar_mcstat_bin4_In = 0 (constant)
INFO: (function: asimovDatasetWithFit) AsimovUtils.cc: 73 -- CMS_HWW_boosted_SR2a_wjets_mcstat_bin0 = 0.0529892 
INFO: (function: asimovDatasetWithFit) AsimovUtils.cc: 73 -- CMS_HWW_boosted_SR2a_wjets_mcstat_bin0_In = 0 (constant)
INFO: (function: asimovDatasetWithFit) AsimovUtils.cc: 73 -- CMS_HWW_boosted_SR2a_wjets_mcstat_bin4 = 0 
INFO: (function: asimovDatasetWithFit) AsimovUtils.cc: 73 -- CMS_HWW_boosted_SR2a_wjets_mcstat_bin4_In = 0 (constant)
INFO: (function: asimovDatasetWithFit) AsimovUtils.cc: 73 -- CMS_HWW_boosted_SR2b_mcstat_bin0 = 0.112926 
INFO: (function: asimovDatasetWithFit) AsimovUtils.cc: 73 -- CMS_HWW_boosted_SR2b_mcstat_bin0_In = 0 (constant)
INFO: (function: asimovDatasetWithFit) AsimovUtils.cc: 73 -- CMS_HWW_boosted_SR2b_mcstat_bin1 = 0.0716313 
INFO: (function: asimovDatasetWithFit) AsimovUtils.cc: 73 -- CMS_HWW_boosted_SR2b_mcstat_bin10 = 0.0301771 
INFO: (function: asimovDatasetWithFit) AsimovUtils.cc: 73 -- CMS_HWW_boosted_SR2b_mcstat_bin10_In = 0 (constant)
INFO: (function: asimovDatasetWithFit) AsimovUtils.cc: 73 -- CMS_HWW_boosted_SR2b_mcstat_bin11 = 0.126529 
INFO: (function: asimovDatasetWithFit) AsimovUtils.cc: 73 -- CMS_HWW_boosted_SR2b_mcstat_bin11_In = 0 (constant)
INFO: (function: asimovDatasetWithFit) AsimovUtils.cc: 73 -- CMS_HWW_boosted_SR2b_mcstat_bin12 = -0.0681075 
INFO: (function: asimovDatasetWithFit) AsimovUtils.cc: 73 -- CMS_HWW_boosted_SR2b_mcstat_bin12_In = 0 (constant)
INFO: (function: asimovDatasetWithFit) AsimovUtils.cc: 73 -- CMS_HWW_boosted_SR2b_mcstat_bin13 = 0.377699 
INFO: (function: asimovDatasetWithFit) AsimovUtils.cc: 73 -- CMS_HWW_boosted_SR2b_mcstat_bin13_In = 0 (constant)
INFO: (function: asimovDatasetWithFit) AsimovUtils.cc: 73 -- CMS_HWW_boosted_SR2b_mcstat_bin14 = 0.105016 
INFO: (function: asimovDatasetWithFit) AsimovUtils.cc: 73 -- CMS_HWW_boosted_SR2b_mcstat_bin14_In = 0 (constant)
INFO: (function: asimovDatasetWithFit) AsimovUtils.cc: 73 -- CMS_HWW_boosted_SR2b_mcstat_bin15 = -0.0772846 
INFO: (function: asimovDatasetWithFit) AsimovUtils.cc: 73 -- CMS_HWW_boosted_SR2b_mcstat_bin15_In = 0 (constant)
INFO: (function: asimovDatasetWithFit) AsimovUtils.cc: 73 -- CMS_HWW_boosted_SR2b_mcstat_bin16 = -0.43078 
INFO: (function: asimovDatasetWithFit) AsimovUtils.cc: 73 -- CMS_HWW_boosted_SR2b_mcstat_bin16_In = 0 (constant)
INFO: (function: asimovDatasetWithFit) AsimovUtils.cc: 73 -- CMS_HWW_boosted_SR2b_mcstat_bin17 = -0.102352 
INFO: (function: asimovDatasetWithFit) AsimovUtils.cc: 73 -- CMS_HWW_boosted_SR2b_mcstat_bin17_In = 0 (constant)
INFO: (function: asimovDatasetWithFit) AsimovUtils.cc: 73 -- CMS_HWW_boosted_SR2b_mcstat_bin18 = -0.0616727 
INFO: (function: asimovDatasetWithFit) AsimovUtils.cc: 73 -- CMS_HWW_boosted_SR2b_mcstat_bin18_In = 0 (constant)
INFO: (function: asimovDatasetWithFit) AsimovUtils.cc: 73 -- CMS_HWW_boosted_SR2b_mcstat_bin19 = -0.0721822 
INFO: (function: asimovDatasetWithFit) AsimovUtils.cc: 73 -- CMS_HWW_boosted_SR2b_mcstat_bin19_In = 0 (constant)
INFO: (function: asimovDatasetWithFit) AsimovUtils.cc: 73 -- CMS_HWW_boosted_SR2b_mcstat_bin1_In = 0 (constant)
INFO: (function: asimovDatasetWithFit) AsimovUtils.cc: 73 -- CMS_HWW_boosted_SR2b_mcstat_bin2 = -0.108726 
INFO: (function: asimovDatasetWithFit) AsimovUtils.cc: 73 -- CMS_HWW_boosted_SR2b_mcstat_bin2_In = 0 (constant)
INFO: (function: asimovDatasetWithFit) AsimovUtils.cc: 73 -- CMS_HWW_boosted_SR2b_mcstat_bin3 = -0.104766 
INFO: (function: asimovDatasetWithFit) AsimovUtils.cc: 73 -- CMS_HWW_boosted_SR2b_mcstat_bin3_In = 0 (constant)
INFO: (function: asimovDatasetWithFit) AsimovUtils.cc: 73 -- CMS_HWW_boosted_SR2b_mcstat_bin4 = 0 
INFO: (function: asimovDatasetWithFit) AsimovUtils.cc: 73 -- CMS_HWW_boosted_SR2b_mcstat_bin4_In = 0 (constant)
INFO: (function: asimovDatasetWithFit) AsimovUtils.cc: 73 -- CMS_HWW_boosted_SR2b_mcstat_bin5 = 0 
INFO: (function: asimovDatasetWithFit) AsimovUtils.cc: 73 -- CMS_HWW_boosted_SR2b_mcstat_bin5_In = 0 (constant)
INFO: (function: asimovDatasetWithFit) AsimovUtils.cc: 73 -- CMS_HWW_boosted_SR2b_mcstat_bin6 = 0 
INFO: (function: asimovDatasetWithFit) AsimovUtils.cc: 73 -- CMS_HWW_boosted_SR2b_mcstat_bin6_In = 0 (constant)
INFO: (function: asimovDatasetWithFit) AsimovUtils.cc: 73 -- CMS_HWW_boosted_SR2b_mcstat_bin7 = 0 
INFO: (function: asimovDatasetWithFit) AsimovUtils.cc: 73 -- CMS_HWW_boosted_SR2b_mcstat_bin7_In = 0 (constant)
INFO: (function: asimovDatasetWithFit) AsimovUtils.cc: 73 -- CMS_HWW_boosted_SR2b_mcstat_bin8 = 0 
INFO: (function: asimovDatasetWithFit) AsimovUtils.cc: 73 -- CMS_HWW_boosted_SR2b_mcstat_bin8_In = 0 (constant)
INFO: (function: asimovDatasetWithFit) AsimovUtils.cc: 73 -- CMS_HWW_boosted_SR2b_mcstat_bin9 = 0 
INFO: (function: asimovDatasetWithFit) AsimovUtils.cc: 73 -- CMS_HWW_boosted_SR2b_mcstat_bin9_In = 0 (constant)
INFO: (function: asimovDatasetWithFit) AsimovUtils.cc: 73 -- CMS_HWW_boosted_lp_sf_region_a = 0 
INFO: (function: asimovDatasetWithFit) AsimovUtils.cc: 73 -- CMS_HWW_boosted_lp_sf_region_a_In = 0 (constant)
INFO: (function: asimovDatasetWithFit) AsimovUtils.cc: 73 -- CMS_HWW_boosted_lp_sf_region_b = 0 
INFO: (function: asimovDatasetWithFit) AsimovUtils.cc: 73 -- CMS_HWW_boosted_lp_sf_region_b_In = 0 (constant)
INFO: (function: asimovDatasetWithFit) AsimovUtils.cc: 73 -- CMS_HWW_boosted_tf_dataResidual_CR1_Bin0 = 0.145427 
INFO: (function: asimovDatasetWithFit) AsimovUtils.cc: 73 -- CMS_HWW_boosted_tf_dataResidual_CR1_Bin1 = 0.213649 
INFO: (function: asimovDatasetWithFit) AsimovUtils.cc: 73 -- CMS_HWW_boosted_tf_dataResidual_CR1_Bin10 = 0.449757 
INFO: (function: asimovDatasetWithFit) AsimovUtils.cc: 73 -- CMS_HWW_boosted_tf_dataResidual_CR1_Bin11 = 0.467693 
INFO: (function: asimovDatasetWithFit) AsimovUtils.cc: 73 -- CMS_HWW_boosted_tf_dataResidual_CR1_Bin12 = 0.429381 
INFO: (function: asimovDatasetWithFit) AsimovUtils.cc: 73 -- CMS_HWW_boosted_tf_dataResidual_CR1_Bin13 = 0.445823 
INFO: (function: asimovDatasetWithFit) AsimovUtils.cc: 73 -- CMS_HWW_boosted_tf_dataResidual_CR1_Bin14 = 0.50953 
INFO: (function: asimovDatasetWithFit) AsimovUtils.cc: 73 -- CMS_HWW_boosted_tf_dataResidual_CR1_Bin15 = 0.524861 
INFO: (function: asimovDatasetWithFit) AsimovUtils.cc: 73 -- CMS_HWW_boosted_tf_dataResidual_CR1_Bin16 = 0.495593 
INFO: (function: asimovDatasetWithFit) AsimovUtils.cc: 73 -- CMS_HWW_boosted_tf_dataResidual_CR1_Bin17 = 0.452688 
INFO: (function: asimovDatasetWithFit) AsimovUtils.cc: 73 -- CMS_HWW_boosted_tf_dataResidual_CR1_Bin18 = 0.394157 
INFO: (function: asimovDatasetWithFit) AsimovUtils.cc: 73 -- CMS_HWW_boosted_tf_dataResidual_CR1_Bin19 = 0.385037 
INFO: (function: asimovDatasetWithFit) AsimovUtils.cc: 73 -- CMS_HWW_boosted_tf_dataResidual_CR1_Bin2 = 0.219672 
INFO: (function: asimovDatasetWithFit) AsimovUtils.cc: 73 -- CMS_HWW_boosted_tf_dataResidual_CR1_Bin3 = 0.551997 
INFO: (function: asimovDatasetWithFit) AsimovUtils.cc: 73 -- CMS_HWW_boosted_tf_dataResidual_CR1_Bin4 = 0 
INFO: (function: asimovDatasetWithFit) AsimovUtils.cc: 73 -- CMS_HWW_boosted_tf_dataResidual_CR1_Bin5 = 0 
INFO: (function: asimovDatasetWithFit) AsimovUtils.cc: 73 -- CMS_HWW_boosted_tf_dataResidual_CR1_Bin6 = 0 
INFO: (function: asimovDatasetWithFit) AsimovUtils.cc: 73 -- CMS_HWW_boosted_tf_dataResidual_CR1_Bin7 = 0 
INFO: (function: asimovDatasetWithFit) AsimovUtils.cc: 73 -- CMS_HWW_boosted_tf_dataResidual_CR1_Bin8 = 0 
INFO: (function: asimovDatasetWithFit) AsimovUtils.cc: 73 -- CMS_HWW_boosted_tf_dataResidual_CR1_Bin9 = 0 
INFO: (function: asimovDatasetWithFit) AsimovUtils.cc: 73 -- CMS_HWW_boosted_tf_dataResidual_CR2_Bin0 = 0.0626068 
INFO: (function: asimovDatasetWithFit) AsimovUtils.cc: 73 -- CMS_HWW_boosted_tf_dataResidual_CR2_Bin1 = 0.0860519 
INFO: (function: asimovDatasetWithFit) AsimovUtils.cc: 73 -- CMS_HWW_boosted_tf_dataResidual_CR2_Bin10 = 0.263013 
INFO: (function: asimovDatasetWithFit) AsimovUtils.cc: 73 -- CMS_HWW_boosted_tf_dataResidual_CR2_Bin11 = 0.271022 
INFO: (function: asimovDatasetWithFit) AsimovUtils.cc: 73 -- CMS_HWW_boosted_tf_dataResidual_CR2_Bin12 = 0.219866 
INFO: (function: asimovDatasetWithFit) AsimovUtils.cc: 73 -- CMS_HWW_boosted_tf_dataResidual_CR2_Bin13 = 0.282749 
INFO: (function: asimovDatasetWithFit) AsimovUtils.cc: 73 -- CMS_HWW_boosted_tf_dataResidual_CR2_Bin14 = 0.215174 
INFO: (function: asimovDatasetWithFit) AsimovUtils.cc: 73 -- CMS_HWW_boosted_tf_dataResidual_CR2_Bin15 = 0.211365 
INFO: (function: asimovDatasetWithFit) AsimovUtils.cc: 73 -- CMS_HWW_boosted_tf_dataResidual_CR2_Bin16 = 0.170057 
INFO: (function: asimovDatasetWithFit) AsimovUtils.cc: 73 -- CMS_HWW_boosted_tf_dataResidual_CR2_Bin17 = 0.187058 
INFO: (function: asimovDatasetWithFit) AsimovUtils.cc: 73 -- CMS_HWW_boosted_tf_dataResidual_CR2_Bin18 = 0.17245 
INFO: (function: asimovDatasetWithFit) AsimovUtils.cc: 73 -- CMS_HWW_boosted_tf_dataResidual_CR2_Bin19 = 0.16214 
INFO: (function: asimovDatasetWithFit) AsimovUtils.cc: 73 -- CMS_HWW_boosted_tf_dataResidual_CR2_Bin2 = 0.130213 
INFO: (function: asimovDatasetWithFit) AsimovUtils.cc: 73 -- CMS_HWW_boosted_tf_dataResidual_CR2_Bin3 = 0.215054 
INFO: (function: asimovDatasetWithFit) AsimovUtils.cc: 73 -- CMS_HWW_boosted_tf_dataResidual_CR2_Bin4 = 0 
INFO: (function: asimovDatasetWithFit) AsimovUtils.cc: 73 -- CMS_HWW_boosted_tf_dataResidual_CR2_Bin5 = 0 
INFO: (function: asimovDatasetWithFit) AsimovUtils.cc: 73 -- CMS_HWW_boosted_tf_dataResidual_CR2_Bin6 = 0 
INFO: (function: asimovDatasetWithFit) AsimovUtils.cc: 73 -- CMS_HWW_boosted_tf_dataResidual_CR2_Bin7 = 0 
INFO: (function: asimovDatasetWithFit) AsimovUtils.cc: 73 -- CMS_HWW_boosted_tf_dataResidual_CR2_Bin8 = 0 
INFO: (function: asimovDatasetWithFit) AsimovUtils.cc: 73 -- CMS_HWW_boosted_tf_dataResidual_CR2_Bin9 = 0 
INFO: (function: asimovDatasetWithFit) AsimovUtils.cc: 73 -- CMS_HWW_boosted_tf_dataResidual_a_MH_Reco_par0 = 0.811067 
INFO: (function: asimovDatasetWithFit) AsimovUtils.cc: 73 -- CMS_HWW_boosted_tf_dataResidual_a_MH_Reco_par1 = 0.884172 
INFO: (function: asimovDatasetWithFit) AsimovUtils.cc: 73 -- CMS_HWW_boosted_tf_dataResidual_a_MH_Reco_par2 = 0.910907 
INFO: (function: asimovDatasetWithFit) AsimovUtils.cc: 73 -- CMS_HWW_boosted_tf_dataResidual_a_MH_Reco_par3 = 1.78672 
INFO: (function: asimovDatasetWithFit) AsimovUtils.cc: 73 -- CMS_HWW_boosted_tf_dataResidual_b_MH_Reco_par0 = 0.979068 
INFO: (function: asimovDatasetWithFit) AsimovUtils.cc: 73 -- CMS_HWW_boosted_tf_dataResidual_b_MH_Reco_par1 = 1.21539 
INFO: (function: asimovDatasetWithFit) AsimovUtils.cc: 73 -- CMS_HWW_boosted_tf_dataResidual_b_MH_Reco_par2 = 0.97196 
INFO: (function: asimovDatasetWithFit) AsimovUtils.cc: 73 -- CMS_HWW_boosted_tf_dataResidual_b_MH_Reco_par3 = 1.47567 
INFO: (function: asimovDatasetWithFit) AsimovUtils.cc: 73 -- CMS_HWW_boosted_tf_dataResidual_b_MH_Reco_par4 = 0.872462 
INFO: (function: asimovDatasetWithFit) AsimovUtils.cc: 73 -- CMS_HWW_boosted_tf_dataResidual_b_MH_Reco_par5 = 1.84679 
INFO: (function: asimovDatasetWithFit) AsimovUtils.cc: 73 -- CMS_HWW_boosted_tf_dataResidual_b_MH_Reco_par6 = 1.80638 
INFO: (function: asimovDatasetWithFit) AsimovUtils.cc: 73 -- CMS_pileup_2016 = 0.0331779 
INFO: (function: asimovDatasetWithFit) AsimovUtils.cc: 73 -- CMS_pileup_2016APV = 0.0293969 
INFO: (function: asimovDatasetWithFit) AsimovUtils.cc: 73 -- CMS_pileup_2016APV_In = 0 (constant)
INFO: (function: asimovDatasetWithFit) AsimovUtils.cc: 73 -- CMS_pileup_2016_In = 0 (constant)
INFO: (function: asimovDatasetWithFit) AsimovUtils.cc: 73 -- CMS_pileup_2017 = -0.0551857 
INFO: (function: asimovDatasetWithFit) AsimovUtils.cc: 73 -- CMS_pileup_2017_In = 0 (constant)
INFO: (function: asimovDatasetWithFit) AsimovUtils.cc: 73 -- CMS_pileup_2018 = 0.407841 
INFO: (function: asimovDatasetWithFit) AsimovUtils.cc: 73 -- CMS_pileup_2018_In = 0 (constant)
INFO: (function: asimovDatasetWithFit) AsimovUtils.cc: 73 -- CMS_res_j_2016 = 0.0161133 
INFO: (function: asimovDatasetWithFit) AsimovUtils.cc: 73 -- CMS_res_j_2016APV = 0.0631527 
INFO: (function: asimovDatasetWithFit) AsimovUtils.cc: 73 -- CMS_res_j_2016APV_In = 0 (constant)
INFO: (function: asimovDatasetWithFit) AsimovUtils.cc: 73 -- CMS_res_j_2016_In = 0 (constant)
INFO: (function: asimovDatasetWithFit) AsimovUtils.cc: 73 -- CMS_res_j_2017 = -0.0496103 
INFO: (function: asimovDatasetWithFit) AsimovUtils.cc: 73 -- CMS_res_j_2017_In = 0 (constant)
INFO: (function: asimovDatasetWithFit) AsimovUtils.cc: 73 -- CMS_res_j_2018 = 0.336012 
INFO: (function: asimovDatasetWithFit) AsimovUtils.cc: 73 -- CMS_res_j_2018_In = 0 (constant)
INFO: (function: asimovDatasetWithFit) AsimovUtils.cc: 73 -- CMS_scale_j = 0.155795 
INFO: (function: asimovDatasetWithFit) AsimovUtils.cc: 73 -- CMS_scale_j_In = 0 (constant)
INFO: (function: asimovDatasetWithFit) AsimovUtils.cc: 73 -- QCDscale_VH = 0 
INFO: (function: asimovDatasetWithFit) AsimovUtils.cc: 73 -- QCDscale_VH_In = 0 (constant)
INFO: (function: asimovDatasetWithFit) AsimovUtils.cc: 73 -- QCDscale_ggH = 0 
INFO: (function: asimovDatasetWithFit) AsimovUtils.cc: 73 -- QCDscale_ggH_In = 0 (constant)
INFO: (function: asimovDatasetWithFit) AsimovUtils.cc: 73 -- QCDscale_qqH = 0 
INFO: (function: asimovDatasetWithFit) AsimovUtils.cc: 73 -- QCDscale_qqH_In = 0 (constant)
INFO: (function: asimovDatasetWithFit) AsimovUtils.cc: 73 -- QCDscale_ttH = 0 
INFO: (function: asimovDatasetWithFit) AsimovUtils.cc: 73 -- QCDscale_ttH_In = 0 (constant)
INFO: (function: asimovDatasetWithFit) AsimovUtils.cc: 73 -- QCDscale_ttbar = -0.133174 
INFO: (function: asimovDatasetWithFit) AsimovUtils.cc: 73 -- QCDscale_ttbar_In = 0 (constant)
INFO: (function: asimovDatasetWithFit) AsimovUtils.cc: 73 -- lumi_13TeV_1718 = -0.03144 
INFO: (function: asimovDatasetWithFit) AsimovUtils.cc: 73 -- lumi_13TeV_1718_In = 0 (constant)
INFO: (function: asimovDatasetWithFit) AsimovUtils.cc: 73 -- lumi_13TeV_2016 = -0.03013 
INFO: (function: asimovDatasetWithFit) AsimovUtils.cc: 73 -- lumi_13TeV_2016_In = 0 (constant)
INFO: (function: asimovDatasetWithFit) AsimovUtils.cc: 73 -- lumi_13TeV_2017 = -0.0744545 
INFO: (function: asimovDatasetWithFit) AsimovUtils.cc: 73 -- lumi_13TeV_2017_In = 0 (constant)
INFO: (function: asimovDatasetWithFit) AsimovUtils.cc: 73 -- lumi_13TeV_2018 = -0.082122 
INFO: (function: asimovDatasetWithFit) AsimovUtils.cc: 73 -- lumi_13TeV_2018_In = 0 (constant)
INFO: (function: asimovDatasetWithFit) AsimovUtils.cc: 73 -- lumi_13TeV_correlated = -0.154676 
INFO: (function: asimovDatasetWithFit) AsimovUtils.cc: 73 -- lumi_13TeV_correlated_In = 0 (constant)
INFO: (function: asimovDatasetWithFit) AsimovUtils.cc: 73 -- mask_CR1 = 0 (constant)
INFO: (function: asimovDatasetWithFit) AsimovUtils.cc: 73 -- mask_CR1Blinded = 1 (constant)
INFO: (function: asimovDatasetWithFit) AsimovUtils.cc: 73 -- mask_CR2 = 0 (constant)
INFO: (function: asimovDatasetWithFit) AsimovUtils.cc: 73 -- mask_CR2Blinded = 1 (constant)
INFO: (function: asimovDatasetWithFit) AsimovUtils.cc: 73 -- mask_SR1a = 0 (constant)
INFO: (function: asimovDatasetWithFit) AsimovUtils.cc: 73 -- mask_SR1aBlinded = 1 (constant)
INFO: (function: asimovDatasetWithFit) AsimovUtils.cc: 73 -- mask_SR1b = 0 (constant)
INFO: (function: asimovDatasetWithFit) AsimovUtils.cc: 73 -- mask_SR1bBlinded = 1 (constant)
INFO: (function: asimovDatasetWithFit) AsimovUtils.cc: 73 -- mask_SR2a = 0 (constant)
INFO: (function: asimovDatasetWithFit) AsimovUtils.cc: 73 -- mask_SR2aBlinded = 1 (constant)
INFO: (function: asimovDatasetWithFit) AsimovUtils.cc: 73 -- mask_SR2b = 0 (constant)
INFO: (function: asimovDatasetWithFit) AsimovUtils.cc: 73 -- mask_SR2bBlinded = 1 (constant)
INFO: (function: asimovDatasetWithFit) AsimovUtils.cc: 73 -- n_exp_binCR1Blinded_proc_CMS_HWW_boosted_qcd_datadriven = 1 (constant)
INFO: (function: asimovDatasetWithFit) AsimovUtils.cc: 73 -- n_exp_binCR1_proc_CMS_HWW_boosted_qcd_datadriven = 1 (constant)
INFO: (function: asimovDatasetWithFit) AsimovUtils.cc: 73 -- n_exp_binCR2Blinded_proc_CMS_HWW_boosted_qcd_datadriven = 1 (constant)
INFO: (function: asimovDatasetWithFit) AsimovUtils.cc: 73 -- n_exp_binCR2_proc_CMS_HWW_boosted_qcd_datadriven = 1 (constant)
INFO: (function: asimovDatasetWithFit) AsimovUtils.cc: 73 -- n_exp_binSR1aBlinded_proc_CMS_HWW_boosted_qcd_datadriven = 1 (constant)
INFO: (function: asimovDatasetWithFit) AsimovUtils.cc: 73 -- n_exp_binSR1a_proc_CMS_HWW_boosted_qcd_datadriven = 1 (constant)
INFO: (function: asimovDatasetWithFit) AsimovUtils.cc: 73 -- n_exp_binSR1bBlinded_proc_CMS_HWW_boosted_qcd_datadriven = 1 (constant)
INFO: (function: asimovDatasetWithFit) AsimovUtils.cc: 73 -- n_exp_binSR1b_proc_CMS_HWW_boosted_qcd_datadriven = 1 (constant)
INFO: (function: asimovDatasetWithFit) AsimovUtils.cc: 73 -- n_exp_binSR2aBlinded_proc_CMS_HWW_boosted_qcd_datadriven = 1 (constant)
INFO: (function: asimovDatasetWithFit) AsimovUtils.cc: 73 -- n_exp_binSR2a_proc_CMS_HWW_boosted_qcd_datadriven = 1 (constant)
INFO: (function: asimovDatasetWithFit) AsimovUtils.cc: 73 -- n_exp_binSR2bBlinded_proc_CMS_HWW_boosted_qcd_datadriven = 1 (constant)
INFO: (function: asimovDatasetWithFit) AsimovUtils.cc: 73 -- n_exp_binSR2b_proc_CMS_HWW_boosted_qcd_datadriven = 1 (constant)
INFO: (function: asimovDatasetWithFit) AsimovUtils.cc: 73 -- pdf_Higgs_gg = 0 
INFO: (function: asimovDatasetWithFit) AsimovUtils.cc: 73 -- pdf_Higgs_gg_In = 0 (constant)
INFO: (function: asimovDatasetWithFit) AsimovUtils.cc: 73 -- pdf_Higgs_qqbar = 0 
INFO: (function: asimovDatasetWithFit) AsimovUtils.cc: 73 -- pdf_Higgs_qqbar_In = 0 (constant)
INFO: (function: asimovDatasetWithFit) AsimovUtils.cc: 73 -- pdf_Higgs_ttH = 0 
INFO: (function: asimovDatasetWithFit) AsimovUtils.cc: 73 -- pdf_Higgs_ttH_In = 0 (constant)
INFO: (function: asimovDatasetWithFit) AsimovUtils.cc: 73 -- pdf_gg = -0.154592 
INFO: (function: asimovDatasetWithFit) AsimovUtils.cc: 73 -- pdf_gg_In = 0 (constant)
INFO: (function: asimovDatasetWithFit) AsimovUtils.cc: 73 -- pdf_qqbar = -0.0103772 
INFO: (function: asimovDatasetWithFit) AsimovUtils.cc: 73 -- pdf_qqbar_In = 0 (constant)
INFO: (function: asimovDatasetWithFit) AsimovUtils.cc: 73 -- ps_fsr = -1.22086 
INFO: (function: asimovDatasetWithFit) AsimovUtils.cc: 73 -- ps_fsr_In = 0 (constant)
INFO: (function: asimovDatasetWithFit) AsimovUtils.cc: 73 -- ps_isr = -0.309513 
INFO: (function: asimovDatasetWithFit) AsimovUtils.cc: 73 -- ps_isr_In = 0 (constant)
INFO: (function: asimovDatasetWithFit) AsimovUtils.cc: 73 -- r = 1 (constant)
INFO: (function: asimovDatasetWithFit) AsimovUtils.cc: 73 -- triggerEffSF_uncorrelated = -0.475087 
INFO: (function: asimovDatasetWithFit) AsimovUtils.cc: 73 -- triggerEffSF_uncorrelated_In = 0 (constant)
INFO: (function: asimovDatasetWithFit) AsimovUtils.cc: 73 -- unclustered_Energy = 0.0292771 
INFO: (function: asimovDatasetWithFit) AsimovUtils.cc: 73 -- unclustered_Energy_In = 0 (constant)
INFO: (function: generateAsimov) ToyMCSamplerOpt.cc: 146 -- Using internal logic for binned/unbinned Asimov dataset generation
INFO: (function: generateWithHisto) ToyMCSamplerOpt.cc: 221 -- Generating asimov with histogram for pdf pdf_binCR1_obsOnly: in 20 x-bins
INFO: (function: generateAsimov) ToyMCSamplerOpt.cc: 146 -- Using internal logic for binned/unbinned Asimov dataset generation
INFO: (function: generateWithHisto) ToyMCSamplerOpt.cc: 221 -- Generating asimov with histogram for pdf pdf_binCR1Blinded_obsOnly: in 20 x-bins
INFO: (function: generateAsimov) ToyMCSamplerOpt.cc: 146 -- Using internal logic for binned/unbinned Asimov dataset generation
INFO: (function: generateWithHisto) ToyMCSamplerOpt.cc: 221 -- Generating asimov with histogram for pdf pdf_binSR1a_obsOnly: in 20 x-bins
INFO: (function: generateAsimov) ToyMCSamplerOpt.cc: 146 -- Using internal logic for binned/unbinned Asimov dataset generation
INFO: (function: generateWithHisto) ToyMCSamplerOpt.cc: 221 -- Generating asimov with histogram for pdf pdf_binSR1aBlinded_obsOnly: in 20 x-bins
INFO: (function: generateAsimov) ToyMCSamplerOpt.cc: 146 -- Using internal logic for binned/unbinned Asimov dataset generation
INFO: (function: generateWithHisto) ToyMCSamplerOpt.cc: 221 -- Generating asimov with histogram for pdf pdf_binSR1b_obsOnly: in 20 x-bins
INFO: (function: generateAsimov) ToyMCSamplerOpt.cc: 146 -- Using internal logic for binned/unbinned Asimov dataset generation
INFO: (function: generateWithHisto) ToyMCSamplerOpt.cc: 221 -- Generating asimov with histogram for pdf pdf_binSR1bBlinded_obsOnly: in 20 x-bins
INFO: (function: generateAsimov) ToyMCSamplerOpt.cc: 146 -- Using internal logic for binned/unbinned Asimov dataset generation
INFO: (function: generateWithHisto) ToyMCSamplerOpt.cc: 221 -- Generating asimov with histogram for pdf pdf_binCR2_obsOnly: in 20 x-bins
INFO: (function: generateAsimov) ToyMCSamplerOpt.cc: 146 -- Using internal logic for binned/unbinned Asimov dataset generation
INFO: (function: generateWithHisto) ToyMCSamplerOpt.cc: 221 -- Generating asimov with histogram for pdf pdf_binCR2Blinded_obsOnly: in 20 x-bins
INFO: (function: generateAsimov) ToyMCSamplerOpt.cc: 146 -- Using internal logic for binned/unbinned Asimov dataset generation
INFO: (function: generateWithHisto) ToyMCSamplerOpt.cc: 221 -- Generating asimov with histogram for pdf pdf_binSR2a_obsOnly: in 20 x-bins
INFO: (function: generateAsimov) ToyMCSamplerOpt.cc: 146 -- Using internal logic for binned/unbinned Asimov dataset generation
INFO: (function: generateWithHisto) ToyMCSamplerOpt.cc: 221 -- Generating asimov with histogram for pdf pdf_binSR2aBlinded_obsOnly: in 20 x-bins
INFO: (function: generateAsimov) ToyMCSamplerOpt.cc: 146 -- Using internal logic for binned/unbinned Asimov dataset generation
INFO: (function: generateWithHisto) ToyMCSamplerOpt.cc: 221 -- Generating asimov with histogram for pdf pdf_binSR2b_obsOnly: in 20 x-bins
INFO: (function: generateAsimov) ToyMCSamplerOpt.cc: 146 -- Using internal logic for binned/unbinned Asimov dataset generation
INFO: (function: generateWithHisto) ToyMCSamplerOpt.cc: 221 -- Generating asimov with histogram for pdf pdf_binSR2bBlinded_obsOnly: in 20 x-bins
INFO: (function: improveOnce) CascadeMinimizer.cc: 188 -- Minimisation configured with Type=Minuit2, Algo=Migrad, strategy=1, tolerance=0.1
INFO: (function: improveOnce) CascadeMinimizer.cc: 211 -- Minimisation finished with status=0
INFO: (function: improveOnce) CascadeMinimizer.cc: 216 -- Minimization success! status=0
INFO: (function: improveOnce) CascadeMinimizer.cc: 188 -- Minimisation configured with Type=Minuit2, Algo=Migrad, strategy=1, tolerance=0.1
INFO: (function: improveOnce) CascadeMinimizer.cc: 211 -- Minimisation finished with status=0
INFO: (function: improveOnce) CascadeMinimizer.cc: 216 -- Minimization success! status=0
INFO: (function: improveOnce) CascadeMinimizer.cc: 188 -- Minimisation configured with Type=Minuit2, Algo=Migrad, strategy=1, tolerance=0.1
INFO: (function: improveOnce) CascadeMinimizer.cc: 211 -- Minimisation finished with status=0
INFO: (function: improveOnce) CascadeMinimizer.cc: 216 -- Minimization success! status=0
INFO: (function: improveOnce) CascadeMinimizer.cc: 188 -- Minimisation configured with Type=Minuit2, Algo=Migrad, strategy=1, tolerance=0.1
INFO: (function: improveOnce) CascadeMinimizer.cc: 211 -- Minimisation finished with status=-1
DEBUG: (function: improveOnce) CascadeMinimizer.cc: 217 -- Minimization ended with latest status != 0 or 1
ERROR: (function: runSpecific) [WARNING]: Unable to determine uncertainties on all fit parameters in b-only fit. Have a look at https://cms-analysis.github.io/HiggsAnalysis-CombinedLimit/part3/nonstandard/#fit-parameter-uncertainties for more information.
DEBUG: (function: runSpecific) FitDiagnostics.cc: 318 -- Fit B-only, status = 3, numBadNLL = 0, covariance quality = 2
INFO: (function: improveOnce) CascadeMinimizer.cc: 188 -- Minimisation configured with Type=Minuit2, Algo=Migrad, strategy=1, tolerance=0.1
INFO: (function: improveOnce) CascadeMinimizer.cc: 211 -- Minimisation finished with status=1
DEBUG: (function: improveOnce) CascadeMinimizer.cc: 212 -- finished with status 1 (covariance forced positive definite), this could indicate a problem with the minimim.
INFO: (function: improveOnce) CascadeMinimizer.cc: 216 -- Minimization success! status=0
INFO: (function: improveOnce) CascadeMinimizer.cc: 188 -- Minimisation configured with Type=Minuit2, Algo=Migrad, strategy=1, tolerance=0.1
INFO: (function: improveOnce) CascadeMinimizer.cc: 211 -- Minimisation finished with status=-1
DEBUG: (function: improveOnce) CascadeMinimizer.cc: 217 -- Minimization ended with latest status != 0 or 1
INFO: (function: doFit) FitterAlgoBase.cc: 344 -- Running Minos for POI r
ERROR: (function: runSpecific) [WARNING]: Unable to determine uncertainties on all fit parameters in s+b fit. Have a look at https://cms-analysis.github.io/HiggsAnalysis-CombinedLimit/part3/nonstandard/#fit-parameter-uncertainties for more information.
DEBUG: (function: runSpecific) FitDiagnostics.cc: 443 -- Fit S+B, status = 3, numBadNLL = 0, covariance quality = 2
