INFO: (function: applyOptionsBase) FitterAlgoBase.cc: 113 -- Setting robust fit options to Tolerance=0.1 / Strategy=0 / Type,Algo=Minuit2,Migrad (note that defaults of CascadeMinimizer were taken where option not specified)
INFO: (function: run) Combine.cc: 673 -- Floating the following parameters: 
INFO: (function: run) Combine.cc: 676  CMS_HWW_boosted_tf_dataResidual_CR1_Bin4 
INFO: (function: run) Combine.cc: 676  CMS_HWW_boosted_tf_dataResidual_CR2_Bin4 
INFO: (function: run) Combine.cc: 676  CMS_HWW_boosted_tf_dataResidual_CR1_Bin5 
INFO: (function: run) Combine.cc: 676  CMS_HWW_boosted_tf_dataResidual_CR2_Bin5 
INFO: (function: run) Combine.cc: 676  CMS_HWW_boosted_tf_dataResidual_CR1_Bin6 
INFO: (function: run) Combine.cc: 676  CMS_HWW_boosted_tf_dataResidual_CR2_Bin6 
INFO: (function: run) Combine.cc: 676  CMS_HWW_boosted_tf_dataResidual_CR1_Bin7 
INFO: (function: run) Combine.cc: 676  CMS_HWW_boosted_tf_dataResidual_CR2_Bin7 
INFO: (function: run) Combine.cc: 676  CMS_HWW_boosted_tf_dataResidual_CR1_Bin8 
INFO: (function: run) Combine.cc: 676  CMS_HWW_boosted_tf_dataResidual_CR2_Bin8 
INFO: (function: run) Combine.cc: 676  CMS_HWW_boosted_tf_dataResidual_CR1_Bin9 
INFO: (function: run) Combine.cc: 676  CMS_HWW_boosted_tf_dataResidual_CR2_Bin9 
INFO: (function: run) Combine.cc: 708 -- Freezing the following parameters: 
INFO: (function: run) Combine.cc: 711  BR_hww_In 
INFO: (function: run) Combine.cc: 711  CMS_HWW_boosted_CR1_mcstat_bin0_In 
INFO: (function: run) Combine.cc: 711  CMS_HWW_boosted_CR1_mcstat_bin1_In 
INFO: (function: run) Combine.cc: 711  CMS_HWW_boosted_CR1_mcstat_bin10_In 
INFO: (function: run) Combine.cc: 711  CMS_HWW_boosted_CR1_mcstat_bin11_In 
INFO: (function: run) Combine.cc: 711  CMS_HWW_boosted_CR1_mcstat_bin12_In 
INFO: (function: run) Combine.cc: 711  CMS_HWW_boosted_CR1_mcstat_bin13_In 
INFO: (function: run) Combine.cc: 711  CMS_HWW_boosted_CR1_mcstat_bin14_In 
INFO: (function: run) Combine.cc: 711  CMS_HWW_boosted_CR1_mcstat_bin15_In 
INFO: (function: run) Combine.cc: 711  CMS_HWW_boosted_CR1_mcstat_bin16_In 
INFO: (function: run) Combine.cc: 711  CMS_HWW_boosted_CR1_mcstat_bin17_In 
INFO: (function: run) Combine.cc: 711  CMS_HWW_boosted_CR1_mcstat_bin18_In 
INFO: (function: run) Combine.cc: 711  CMS_HWW_boosted_CR1_mcstat_bin19_In 
INFO: (function: run) Combine.cc: 711  CMS_HWW_boosted_CR1_mcstat_bin2_In 
INFO: (function: run) Combine.cc: 711  CMS_HWW_boosted_CR1_mcstat_bin3_In 
INFO: (function: run) Combine.cc: 711  CMS_HWW_boosted_CR1_mcstat_bin4_In 
INFO: (function: run) Combine.cc: 711  CMS_HWW_boosted_CR1_mcstat_bin5_In 
INFO: (function: run) Combine.cc: 711  CMS_HWW_boosted_CR1_mcstat_bin6_In 
INFO: (function: run) Combine.cc: 711  CMS_HWW_boosted_CR1_mcstat_bin7_In 
INFO: (function: run) Combine.cc: 711  CMS_HWW_boosted_CR1_mcstat_bin8_In 
INFO: (function: run) Combine.cc: 711  CMS_HWW_boosted_CR1_mcstat_bin9_In 
INFO: (function: run) Combine.cc: 711  CMS_HWW_boosted_CR2_mcstat_bin0_In 
INFO: (function: run) Combine.cc: 711  CMS_HWW_boosted_CR2_mcstat_bin1_In 
INFO: (function: run) Combine.cc: 711  CMS_HWW_boosted_CR2_mcstat_bin10_In 
INFO: (function: run) Combine.cc: 711  CMS_HWW_boosted_CR2_mcstat_bin11_In 
INFO: (function: run) Combine.cc: 711  CMS_HWW_boosted_CR2_mcstat_bin12_In 
INFO: (function: run) Combine.cc: 711  CMS_HWW_boosted_CR2_mcstat_bin13_In 
INFO: (function: run) Combine.cc: 711  CMS_HWW_boosted_CR2_mcstat_bin14_In 
INFO: (function: run) Combine.cc: 711  CMS_HWW_boosted_CR2_mcstat_bin15_In 
INFO: (function: run) Combine.cc: 711  CMS_HWW_boosted_CR2_mcstat_bin16_In 
INFO: (function: run) Combine.cc: 711  CMS_HWW_boosted_CR2_mcstat_bin17_In 
INFO: (function: run) Combine.cc: 711  CMS_HWW_boosted_CR2_mcstat_bin18_In 
INFO: (function: run) Combine.cc: 711  CMS_HWW_boosted_CR2_mcstat_bin19_In 
INFO: (function: run) Combine.cc: 711  CMS_HWW_boosted_CR2_mcstat_bin2_In 
INFO: (function: run) Combine.cc: 711  CMS_HWW_boosted_CR2_mcstat_bin3_In 
INFO: (function: run) Combine.cc: 711  CMS_HWW_boosted_CR2_mcstat_bin4_In 
INFO: (function: run) Combine.cc: 711  CMS_HWW_boosted_CR2_mcstat_bin5_In 
INFO: (function: run) Combine.cc: 711  CMS_HWW_boosted_CR2_mcstat_bin6_In 
INFO: (function: run) Combine.cc: 711  CMS_HWW_boosted_CR2_mcstat_bin7_In 
INFO: (function: run) Combine.cc: 711  CMS_HWW_boosted_CR2_mcstat_bin8_In 
INFO: (function: run) Combine.cc: 711  CMS_HWW_boosted_CR2_mcstat_bin9_In 
INFO: (function: run) Combine.cc: 711  CMS_HWW_boosted_QCDScale_rest_bkg_In 
INFO: (function: run) Combine.cc: 711  CMS_HWW_boosted_QCDScale_single_top_In 
INFO: (function: run) Combine.cc: 711  CMS_HWW_boosted_QCDScale_ttbar_In 
INFO: (function: run) Combine.cc: 711  CMS_HWW_boosted_QCDScale_wjets_In 
INFO: (function: run) Combine.cc: 711  CMS_HWW_boosted_SR1a_mcstat_bin0_In 
INFO: (function: run) Combine.cc: 711  CMS_HWW_boosted_SR1a_mcstat_bin1_In 
INFO: (function: run) Combine.cc: 711  CMS_HWW_boosted_SR1a_mcstat_bin10_In 
INFO: (function: run) Combine.cc: 711  CMS_HWW_boosted_SR1a_mcstat_bin11_In 
INFO: (function: run) Combine.cc: 711  CMS_HWW_boosted_SR1a_mcstat_bin12_In 
INFO: (function: run) Combine.cc: 711  CMS_HWW_boosted_SR1a_mcstat_bin13_In 
INFO: (function: run) Combine.cc: 711  CMS_HWW_boosted_SR1a_mcstat_bin14_In 
INFO: (function: run) Combine.cc: 711  CMS_HWW_boosted_SR1a_mcstat_bin15_In 
INFO: (function: run) Combine.cc: 711  CMS_HWW_boosted_SR1a_mcstat_bin16_In 
INFO: (function: run) Combine.cc: 711  CMS_HWW_boosted_SR1a_mcstat_bin17_In 
INFO: (function: run) Combine.cc: 711  CMS_HWW_boosted_SR1a_mcstat_bin18_In 
INFO: (function: run) Combine.cc: 711  CMS_HWW_boosted_SR1a_mcstat_bin19_In 
INFO: (function: run) Combine.cc: 711  CMS_HWW_boosted_SR1a_mcstat_bin2_In 
INFO: (function: run) Combine.cc: 711  CMS_HWW_boosted_SR1a_mcstat_bin3_In 
INFO: (function: run) Combine.cc: 711  CMS_HWW_boosted_SR1a_mcstat_bin4_In 
INFO: (function: run) Combine.cc: 711  CMS_HWW_boosted_SR1a_mcstat_bin5_In 
INFO: (function: run) Combine.cc: 711  CMS_HWW_boosted_SR1a_mcstat_bin6_In 
INFO: (function: run) Combine.cc: 711  CMS_HWW_boosted_SR1a_mcstat_bin7_In 
INFO: (function: run) Combine.cc: 711  CMS_HWW_boosted_SR1a_mcstat_bin8_In 
INFO: (function: run) Combine.cc: 711  CMS_HWW_boosted_SR1a_mcstat_bin9_In 
INFO: (function: run) Combine.cc: 711  CMS_HWW_boosted_SR1b_mcstat_bin0_In 
INFO: (function: run) Combine.cc: 711  CMS_HWW_boosted_SR1b_mcstat_bin1_In 
INFO: (function: run) Combine.cc: 711  CMS_HWW_boosted_SR1b_mcstat_bin10_In 
INFO: (function: run) Combine.cc: 711  CMS_HWW_boosted_SR1b_mcstat_bin11_In 
INFO: (function: run) Combine.cc: 711  CMS_HWW_boosted_SR1b_mcstat_bin12_In 
INFO: (function: run) Combine.cc: 711  CMS_HWW_boosted_SR1b_mcstat_bin13_In 
INFO: (function: run) Combine.cc: 711  CMS_HWW_boosted_SR1b_mcstat_bin14_In 
INFO: (function: run) Combine.cc: 711  CMS_HWW_boosted_SR1b_mcstat_bin15_In 
INFO: (function: run) Combine.cc: 711  CMS_HWW_boosted_SR1b_mcstat_bin16_In 
INFO: (function: run) Combine.cc: 711  CMS_HWW_boosted_SR1b_mcstat_bin17_In 
INFO: (function: run) Combine.cc: 711  CMS_HWW_boosted_SR1b_mcstat_bin18_In 
INFO: (function: run) Combine.cc: 711  CMS_HWW_boosted_SR1b_mcstat_bin19_In 
INFO: (function: run) Combine.cc: 711  CMS_HWW_boosted_SR1b_mcstat_bin2_In 
INFO: (function: run) Combine.cc: 711  CMS_HWW_boosted_SR1b_mcstat_bin3_In 
INFO: (function: run) Combine.cc: 711  CMS_HWW_boosted_SR1b_mcstat_bin4_In 
INFO: (function: run) Combine.cc: 711  CMS_HWW_boosted_SR1b_mcstat_bin5_In 
INFO: (function: run) Combine.cc: 711  CMS_HWW_boosted_SR1b_mcstat_bin6_In 
INFO: (function: run) Combine.cc: 711  CMS_HWW_boosted_SR1b_mcstat_bin7_In 
INFO: (function: run) Combine.cc: 711  CMS_HWW_boosted_SR1b_mcstat_bin8_In 
INFO: (function: run) Combine.cc: 711  CMS_HWW_boosted_SR1b_mcstat_bin9_In 
INFO: (function: run) Combine.cc: 711  CMS_HWW_boosted_SR2a_VBF_mcstat_bin0_In 
INFO: (function: run) Combine.cc: 711  CMS_HWW_boosted_SR2a_VBF_mcstat_bin1_In 
INFO: (function: run) Combine.cc: 711  CMS_HWW_boosted_SR2a_WH_mcstat_bin0_In 
INFO: (function: run) Combine.cc: 711  CMS_HWW_boosted_SR2a_WH_mcstat_bin1_In 
INFO: (function: run) Combine.cc: 711  CMS_HWW_boosted_SR2a_WH_mcstat_bin18_In 
INFO: (function: run) Combine.cc: 711  CMS_HWW_boosted_SR2a_ZH_mcstat_bin0_In 
INFO: (function: run) Combine.cc: 711  CMS_HWW_boosted_SR2a_ZH_mcstat_bin1_In 
INFO: (function: run) Combine.cc: 711  CMS_HWW_boosted_SR2a_ZH_mcstat_bin18_In 
INFO: (function: run) Combine.cc: 711  CMS_HWW_boosted_SR2a_ggF_mcstat_bin0_In 
INFO: (function: run) Combine.cc: 711  CMS_HWW_boosted_SR2a_ggF_mcstat_bin1_In 
INFO: (function: run) Combine.cc: 711  CMS_HWW_boosted_SR2a_mcstat_bin10_In 
INFO: (function: run) Combine.cc: 711  CMS_HWW_boosted_SR2a_mcstat_bin11_In 
INFO: (function: run) Combine.cc: 711  CMS_HWW_boosted_SR2a_mcstat_bin12_In 
INFO: (function: run) Combine.cc: 711  CMS_HWW_boosted_SR2a_mcstat_bin13_In 
INFO: (function: run) Combine.cc: 711  CMS_HWW_boosted_SR2a_mcstat_bin14_In 
INFO: (function: run) Combine.cc: 711  CMS_HWW_boosted_SR2a_mcstat_bin15_In 
INFO: (function: run) Combine.cc: 711  CMS_HWW_boosted_SR2a_mcstat_bin16_In 
INFO: (function: run) Combine.cc: 711  CMS_HWW_boosted_SR2a_mcstat_bin17_In 
INFO: (function: run) Combine.cc: 711  CMS_HWW_boosted_SR2a_mcstat_bin19_In 
INFO: (function: run) Combine.cc: 711  CMS_HWW_boosted_SR2a_mcstat_bin2_In 
INFO: (function: run) Combine.cc: 711  CMS_HWW_boosted_SR2a_mcstat_bin3_In 
INFO: (function: run) Combine.cc: 711  CMS_HWW_boosted_SR2a_mcstat_bin4_In 
INFO: (function: run) Combine.cc: 711  CMS_HWW_boosted_SR2a_mcstat_bin5_In 
INFO: (function: run) Combine.cc: 711  CMS_HWW_boosted_SR2a_mcstat_bin6_In 
INFO: (function: run) Combine.cc: 711  CMS_HWW_boosted_SR2a_mcstat_bin7_In 
INFO: (function: run) Combine.cc: 711  CMS_HWW_boosted_SR2a_mcstat_bin8_In 
INFO: (function: run) Combine.cc: 711  CMS_HWW_boosted_SR2a_mcstat_bin9_In 
INFO: (function: run) Combine.cc: 711  CMS_HWW_boosted_SR2a_rest_bkg_mcstat_bin1_In 
INFO: (function: run) Combine.cc: 711  CMS_HWW_boosted_SR2a_rest_bkg_mcstat_bin18_In 
INFO: (function: run) Combine.cc: 711  CMS_HWW_boosted_SR2a_single_top_mcstat_bin18_In 
INFO: (function: run) Combine.cc: 711  CMS_HWW_boosted_SR2a_ttH_mcstat_bin0_In 
INFO: (function: run) Combine.cc: 711  CMS_HWW_boosted_SR2a_ttH_mcstat_bin1_In 
INFO: (function: run) Combine.cc: 711  CMS_HWW_boosted_SR2a_ttH_mcstat_bin18_In 
INFO: (function: run) Combine.cc: 711  CMS_HWW_boosted_SR2a_ttbar_mcstat_bin0_In 
INFO: (function: run) Combine.cc: 711  CMS_HWW_boosted_SR2a_ttbar_mcstat_bin1_In 
INFO: (function: run) Combine.cc: 711  CMS_HWW_boosted_SR2a_ttbar_mcstat_bin18_In 
INFO: (function: run) Combine.cc: 711  CMS_HWW_boosted_SR2a_wjets_mcstat_bin0_In 
INFO: (function: run) Combine.cc: 711  CMS_HWW_boosted_SR2a_wjets_mcstat_bin1_In 
INFO: (function: run) Combine.cc: 711  CMS_HWW_boosted_SR2a_wjets_mcstat_bin18_In 
INFO: (function: run) Combine.cc: 711  CMS_HWW_boosted_SR2b_mcstat_bin0_In 
INFO: (function: run) Combine.cc: 711  CMS_HWW_boosted_SR2b_mcstat_bin1_In 
INFO: (function: run) Combine.cc: 711  CMS_HWW_boosted_SR2b_mcstat_bin10_In 
INFO: (function: run) Combine.cc: 711  CMS_HWW_boosted_SR2b_mcstat_bin11_In 
INFO: (function: run) Combine.cc: 711  CMS_HWW_boosted_SR2b_mcstat_bin12_In 
INFO: (function: run) Combine.cc: 711  CMS_HWW_boosted_SR2b_mcstat_bin13_In 
INFO: (function: run) Combine.cc: 711  CMS_HWW_boosted_SR2b_mcstat_bin14_In 
INFO: (function: run) Combine.cc: 711  CMS_HWW_boosted_SR2b_mcstat_bin15_In 
INFO: (function: run) Combine.cc: 711  CMS_HWW_boosted_SR2b_mcstat_bin16_In 
INFO: (function: run) Combine.cc: 711  CMS_HWW_boosted_SR2b_mcstat_bin17_In 
INFO: (function: run) Combine.cc: 711  CMS_HWW_boosted_SR2b_mcstat_bin18_In 
INFO: (function: run) Combine.cc: 711  CMS_HWW_boosted_SR2b_mcstat_bin19_In 
INFO: (function: run) Combine.cc: 711  CMS_HWW_boosted_SR2b_mcstat_bin2_In 
INFO: (function: run) Combine.cc: 711  CMS_HWW_boosted_SR2b_mcstat_bin3_In 
INFO: (function: run) Combine.cc: 711  CMS_HWW_boosted_SR2b_mcstat_bin4_In 
INFO: (function: run) Combine.cc: 711  CMS_HWW_boosted_SR2b_mcstat_bin5_In 
INFO: (function: run) Combine.cc: 711  CMS_HWW_boosted_SR2b_mcstat_bin6_In 
INFO: (function: run) Combine.cc: 711  CMS_HWW_boosted_SR2b_mcstat_bin7_In 
INFO: (function: run) Combine.cc: 711  CMS_HWW_boosted_SR2b_mcstat_bin8_In 
INFO: (function: run) Combine.cc: 711  CMS_HWW_boosted_SR2b_mcstat_bin9_In 
INFO: (function: run) Combine.cc: 711  CMS_HWW_boosted_jmr_2016_In 
INFO: (function: run) Combine.cc: 711  CMS_HWW_boosted_jmr_2016APV_In 
INFO: (function: run) Combine.cc: 711  CMS_HWW_boosted_jmr_2017_In 
INFO: (function: run) Combine.cc: 711  CMS_HWW_boosted_jmr_2018_In 
INFO: (function: run) Combine.cc: 711  CMS_HWW_boosted_jms_2016_In 
INFO: (function: run) Combine.cc: 711  CMS_HWW_boosted_jms_2016APV_In 
INFO: (function: run) Combine.cc: 711  CMS_HWW_boosted_jms_2017_In 
INFO: (function: run) Combine.cc: 711  CMS_HWW_boosted_jms_2018_In 
INFO: (function: run) Combine.cc: 711  CMS_HWW_boosted_lp_sf_region_a_In 
INFO: (function: run) Combine.cc: 711  CMS_HWW_boosted_lp_sf_region_b_In 
INFO: (function: run) Combine.cc: 711  CMS_pileup_2016_In 
INFO: (function: run) Combine.cc: 711  CMS_pileup_2016APV_In 
INFO: (function: run) Combine.cc: 711  CMS_pileup_2017_In 
INFO: (function: run) Combine.cc: 711  CMS_pileup_2018_In 
INFO: (function: run) Combine.cc: 711  CMS_res_j_2016_In 
INFO: (function: run) Combine.cc: 711  CMS_res_j_2016APV_In 
INFO: (function: run) Combine.cc: 711  CMS_res_j_2017_In 
INFO: (function: run) Combine.cc: 711  CMS_res_j_2018_In 
INFO: (function: run) Combine.cc: 711  CMS_scale_j_Abs_In 
INFO: (function: run) Combine.cc: 711  CMS_scale_j_Abs_2016_In 
INFO: (function: run) Combine.cc: 711  CMS_scale_j_Abs_2016APV_In 
INFO: (function: run) Combine.cc: 711  CMS_scale_j_Abs_2017_In 
INFO: (function: run) Combine.cc: 711  CMS_scale_j_Abs_2018_In 
INFO: (function: run) Combine.cc: 711  CMS_scale_j_BBEC1_In 
INFO: (function: run) Combine.cc: 711  CMS_scale_j_BBEC1_2016_In 
INFO: (function: run) Combine.cc: 711  CMS_scale_j_BBEC1_2016APV_In 
INFO: (function: run) Combine.cc: 711  CMS_scale_j_BBEC1_2017_In 
INFO: (function: run) Combine.cc: 711  CMS_scale_j_BBEC1_2018_In 
INFO: (function: run) Combine.cc: 711  CMS_scale_j_EC2_In 
INFO: (function: run) Combine.cc: 711  CMS_scale_j_EC2_2016_In 
INFO: (function: run) Combine.cc: 711  CMS_scale_j_EC2_2016APV_In 
INFO: (function: run) Combine.cc: 711  CMS_scale_j_EC2_2017_In 
INFO: (function: run) Combine.cc: 711  CMS_scale_j_EC2_2018_In 
INFO: (function: run) Combine.cc: 711  CMS_scale_j_FlavQCD_In 
INFO: (function: run) Combine.cc: 711  CMS_scale_j_HF_In 
INFO: (function: run) Combine.cc: 711  CMS_scale_j_HF_2016_In 
INFO: (function: run) Combine.cc: 711  CMS_scale_j_HF_2016APV_In 
INFO: (function: run) Combine.cc: 711  CMS_scale_j_HF_2017_In 
INFO: (function: run) Combine.cc: 711  CMS_scale_j_HF_2018_In 
INFO: (function: run) Combine.cc: 711  CMS_scale_j_RelBal_In 
INFO: (function: run) Combine.cc: 711  CMS_scale_j_RelSample_2016_In 
INFO: (function: run) Combine.cc: 711  CMS_scale_j_RelSample_2016APV_In 
INFO: (function: run) Combine.cc: 711  CMS_scale_j_RelSample_2017_In 
INFO: (function: run) Combine.cc: 711  CMS_scale_j_RelSample_2018_In 
INFO: (function: run) Combine.cc: 711  L1Prefiring_In 
INFO: (function: run) Combine.cc: 711  QCDscale_VH_In 
INFO: (function: run) Combine.cc: 711  QCDscale_ggH_In 
INFO: (function: run) Combine.cc: 711  QCDscale_qqH_In 
INFO: (function: run) Combine.cc: 711  QCDscale_ttH_In 
INFO: (function: run) Combine.cc: 711  Rest_rate_In 
INFO: (function: run) Combine.cc: 711  ST_rate_In 
INFO: (function: run) Combine.cc: 711  TT_rate_In 
INFO: (function: run) Combine.cc: 711  WJets_rate_In 
INFO: (function: run) Combine.cc: 711  lumi_13TeV_1718_In 
INFO: (function: run) Combine.cc: 711  lumi_13TeV_2016_In 
INFO: (function: run) Combine.cc: 711  lumi_13TeV_2017_In 
INFO: (function: run) Combine.cc: 711  lumi_13TeV_2018_In 
INFO: (function: run) Combine.cc: 711  lumi_13TeV_correlated_In 
INFO: (function: run) Combine.cc: 711  pdf_Higgs_gg_In 
INFO: (function: run) Combine.cc: 711  pdf_Higgs_qqbar_In 
INFO: (function: run) Combine.cc: 711  pdf_Higgs_ttH_In 
INFO: (function: run) Combine.cc: 711  pdf_rest_bkg_In 
INFO: (function: run) Combine.cc: 711  pdf_single_top_In 
INFO: (function: run) Combine.cc: 711  pdf_ttbar_In 
INFO: (function: run) Combine.cc: 711  pdf_wjets_In 
INFO: (function: run) Combine.cc: 711  ps_fsr_In 
INFO: (function: run) Combine.cc: 711  ps_isr_In 
INFO: (function: run) Combine.cc: 711  triggerEffSF_uncorrelated_In 
INFO: (function: run) Combine.cc: 711  unclustered_Energy_In 
INFO: (function: run) Combine.cc: 711  shapeBkg_ttbar_CR1__norm 
INFO: (function: run) Combine.cc: 711  shapeBkg_single_top_CR1__norm 
INFO: (function: run) Combine.cc: 711  shapeBkg_wjets_CR1__norm 
INFO: (function: run) Combine.cc: 711  shapeBkg_rest_bkg_CR1__norm 
INFO: (function: run) Combine.cc: 711  shapeBkg_ttbar_CR1Blinded__norm 
INFO: (function: run) Combine.cc: 711  shapeBkg_single_top_CR1Blinded__norm 
INFO: (function: run) Combine.cc: 711  shapeBkg_wjets_CR1Blinded__norm 
INFO: (function: run) Combine.cc: 711  shapeBkg_rest_bkg_CR1Blinded__norm 
INFO: (function: run) Combine.cc: 711  shapeSig_ggF_SR1a__norm 
INFO: (function: run) Combine.cc: 711  shapeSig_VBF_SR1a__norm 
INFO: (function: run) Combine.cc: 711  shapeSig_WH_SR1a__norm 
INFO: (function: run) Combine.cc: 711  shapeSig_ZH_SR1a__norm 
INFO: (function: run) Combine.cc: 711  shapeSig_ttH_SR1a__norm 
INFO: (function: run) Combine.cc: 711  shapeBkg_ttbar_SR1a__norm 
INFO: (function: run) Combine.cc: 711  shapeBkg_single_top_SR1a__norm 
INFO: (function: run) Combine.cc: 711  shapeBkg_wjets_SR1a__norm 
INFO: (function: run) Combine.cc: 711  shapeBkg_rest_bkg_SR1a__norm 
INFO: (function: run) Combine.cc: 711  shapeSig_ggF_SR1aBlinded__norm 
INFO: (function: run) Combine.cc: 711  shapeSig_VBF_SR1aBlinded__norm 
INFO: (function: run) Combine.cc: 711  shapeSig_WH_SR1aBlinded__norm 
INFO: (function: run) Combine.cc: 711  shapeSig_ZH_SR1aBlinded__norm 
INFO: (function: run) Combine.cc: 711  shapeSig_ttH_SR1aBlinded__norm 
INFO: (function: run) Combine.cc: 711  shapeBkg_ttbar_SR1aBlinded__norm 
INFO: (function: run) Combine.cc: 711  shapeBkg_single_top_SR1aBlinded__norm 
INFO: (function: run) Combine.cc: 711  shapeBkg_wjets_SR1aBlinded__norm 
INFO: (function: run) Combine.cc: 711  shapeBkg_rest_bkg_SR1aBlinded__norm 
INFO: (function: run) Combine.cc: 711  shapeSig_ggF_SR1b__norm 
INFO: (function: run) Combine.cc: 711  shapeSig_VBF_SR1b__norm 
INFO: (function: run) Combine.cc: 711  shapeSig_WH_SR1b__norm 
INFO: (function: run) Combine.cc: 711  shapeSig_ZH_SR1b__norm 
INFO: (function: run) Combine.cc: 711  shapeSig_ttH_SR1b__norm 
INFO: (function: run) Combine.cc: 711  shapeBkg_ttbar_SR1b__norm 
INFO: (function: run) Combine.cc: 711  shapeBkg_single_top_SR1b__norm 
INFO: (function: run) Combine.cc: 711  shapeBkg_wjets_SR1b__norm 
INFO: (function: run) Combine.cc: 711  shapeBkg_rest_bkg_SR1b__norm 
INFO: (function: run) Combine.cc: 711  shapeSig_ggF_SR1bBlinded__norm 
INFO: (function: run) Combine.cc: 711  shapeSig_VBF_SR1bBlinded__norm 
INFO: (function: run) Combine.cc: 711  shapeSig_WH_SR1bBlinded__norm 
INFO: (function: run) Combine.cc: 711  shapeSig_ZH_SR1bBlinded__norm 
INFO: (function: run) Combine.cc: 711  shapeSig_ttH_SR1bBlinded__norm 
INFO: (function: run) Combine.cc: 711  shapeBkg_ttbar_SR1bBlinded__norm 
INFO: (function: run) Combine.cc: 711  shapeBkg_single_top_SR1bBlinded__norm 
INFO: (function: run) Combine.cc: 711  shapeBkg_wjets_SR1bBlinded__norm 
INFO: (function: run) Combine.cc: 711  shapeBkg_rest_bkg_SR1bBlinded__norm 
INFO: (function: run) Combine.cc: 711  shapeBkg_ttbar_CR2__norm 
INFO: (function: run) Combine.cc: 711  shapeBkg_single_top_CR2__norm 
INFO: (function: run) Combine.cc: 711  shapeBkg_wjets_CR2__norm 
INFO: (function: run) Combine.cc: 711  shapeBkg_rest_bkg_CR2__norm 
INFO: (function: run) Combine.cc: 711  shapeBkg_ttbar_CR2Blinded__norm 
INFO: (function: run) Combine.cc: 711  shapeBkg_single_top_CR2Blinded__norm 
INFO: (function: run) Combine.cc: 711  shapeBkg_wjets_CR2Blinded__norm 
INFO: (function: run) Combine.cc: 711  shapeBkg_rest_bkg_CR2Blinded__norm 
INFO: (function: run) Combine.cc: 711  shapeSig_ggF_SR2a__norm 
INFO: (function: run) Combine.cc: 711  shapeSig_VBF_SR2a__norm 
INFO: (function: run) Combine.cc: 711  shapeSig_WH_SR2a__norm 
INFO: (function: run) Combine.cc: 711  shapeSig_ZH_SR2a__norm 
INFO: (function: run) Combine.cc: 711  shapeSig_ttH_SR2a__norm 
INFO: (function: run) Combine.cc: 711  shapeBkg_ttbar_SR2a__norm 
INFO: (function: run) Combine.cc: 711  shapeBkg_single_top_SR2a__norm 
INFO: (function: run) Combine.cc: 711  shapeBkg_wjets_SR2a__norm 
INFO: (function: run) Combine.cc: 711  shapeBkg_rest_bkg_SR2a__norm 
INFO: (function: run) Combine.cc: 711  shapeSig_ggF_SR2aBlinded__norm 
INFO: (function: run) Combine.cc: 711  shapeSig_VBF_SR2aBlinded__norm 
INFO: (function: run) Combine.cc: 711  shapeSig_WH_SR2aBlinded__norm 
INFO: (function: run) Combine.cc: 711  shapeSig_ZH_SR2aBlinded__norm 
INFO: (function: run) Combine.cc: 711  shapeSig_ttH_SR2aBlinded__norm 
INFO: (function: run) Combine.cc: 711  shapeBkg_ttbar_SR2aBlinded__norm 
INFO: (function: run) Combine.cc: 711  shapeBkg_single_top_SR2aBlinded__norm 
INFO: (function: run) Combine.cc: 711  shapeBkg_wjets_SR2aBlinded__norm 
INFO: (function: run) Combine.cc: 711  shapeBkg_rest_bkg_SR2aBlinded__norm 
INFO: (function: run) Combine.cc: 711  shapeSig_ggF_SR2b__norm 
INFO: (function: run) Combine.cc: 711  shapeSig_VBF_SR2b__norm 
INFO: (function: run) Combine.cc: 711  shapeSig_WH_SR2b__norm 
INFO: (function: run) Combine.cc: 711  shapeSig_ZH_SR2b__norm 
INFO: (function: run) Combine.cc: 711  shapeSig_ttH_SR2b__norm 
INFO: (function: run) Combine.cc: 711  shapeBkg_ttbar_SR2b__norm 
INFO: (function: run) Combine.cc: 711  shapeBkg_single_top_SR2b__norm 
INFO: (function: run) Combine.cc: 711  shapeBkg_wjets_SR2b__norm 
INFO: (function: run) Combine.cc: 711  shapeBkg_rest_bkg_SR2b__norm 
INFO: (function: run) Combine.cc: 711  shapeSig_ggF_SR2bBlinded__norm 
INFO: (function: run) Combine.cc: 711  shapeSig_VBF_SR2bBlinded__norm 
INFO: (function: run) Combine.cc: 711  shapeSig_WH_SR2bBlinded__norm 
INFO: (function: run) Combine.cc: 711  shapeSig_ZH_SR2bBlinded__norm 
INFO: (function: run) Combine.cc: 711  shapeSig_ttH_SR2bBlinded__norm 
INFO: (function: run) Combine.cc: 711  shapeBkg_ttbar_SR2bBlinded__norm 
INFO: (function: run) Combine.cc: 711  shapeBkg_single_top_SR2bBlinded__norm 
INFO: (function: run) Combine.cc: 711  shapeBkg_wjets_SR2bBlinded__norm 
INFO: (function: run) Combine.cc: 711  shapeBkg_rest_bkg_SR2bBlinded__norm 
INFO: (function: run) Combine.cc: 711  n_exp_binCR1_proc_CMS_HWW_boosted_qcd_datadriven 
INFO: (function: run) Combine.cc: 711  n_exp_binCR1Blinded_proc_CMS_HWW_boosted_qcd_datadriven 
INFO: (function: run) Combine.cc: 711  n_exp_binSR1a_proc_CMS_HWW_boosted_qcd_datadriven 
INFO: (function: run) Combine.cc: 711  n_exp_binSR1aBlinded_proc_CMS_HWW_boosted_qcd_datadriven 
INFO: (function: run) Combine.cc: 711  n_exp_binSR1b_proc_CMS_HWW_boosted_qcd_datadriven 
INFO: (function: run) Combine.cc: 711  n_exp_binSR1bBlinded_proc_CMS_HWW_boosted_qcd_datadriven 
INFO: (function: run) Combine.cc: 711  n_exp_binCR2_proc_CMS_HWW_boosted_qcd_datadriven 
INFO: (function: run) Combine.cc: 711  n_exp_binCR2Blinded_proc_CMS_HWW_boosted_qcd_datadriven 
INFO: (function: run) Combine.cc: 711  n_exp_binSR2a_proc_CMS_HWW_boosted_qcd_datadriven 
INFO: (function: run) Combine.cc: 711  n_exp_binSR2aBlinded_proc_CMS_HWW_boosted_qcd_datadriven 
INFO: (function: run) Combine.cc: 711  n_exp_binSR2b_proc_CMS_HWW_boosted_qcd_datadriven 
INFO: (function: run) Combine.cc: 711  n_exp_binSR2bBlinded_proc_CMS_HWW_boosted_qcd_datadriven 
INFO: (function: generateAsimov) ToyMCSamplerOpt.cc: 146 -- Using internal logic for binned/unbinned Asimov dataset generation
INFO: (function: generateWithHisto) ToyMCSamplerOpt.cc: 221 -- Generating asimov with histogram for pdf pdf_binCR1_obsOnly: in 20 x-bins
INFO: (function: generateAsimov) ToyMCSamplerOpt.cc: 146 -- Using internal logic for binned/unbinned Asimov dataset generation
INFO: (function: generateWithHisto) ToyMCSamplerOpt.cc: 221 -- Generating asimov with histogram for pdf pdf_binCR1Blinded_obsOnly: in 20 x-bins
INFO: (function: generateAsimov) ToyMCSamplerOpt.cc: 146 -- Using internal logic for binned/unbinned Asimov dataset generation
INFO: (function: generateWithHisto) ToyMCSamplerOpt.cc: 221 -- Generating asimov with histogram for pdf pdf_binSR1a_obsOnly: in 20 x-bins
INFO: (function: generateAsimov) ToyMCSamplerOpt.cc: 146 -- Using internal logic for binned/unbinned Asimov dataset generation
INFO: (function: generateWithHisto) ToyMCSamplerOpt.cc: 221 -- Generating asimov with histogram for pdf pdf_binSR1aBlinded_obsOnly: in 20 x-bins
INFO: (function: generateAsimov) ToyMCSamplerOpt.cc: 146 -- Using internal logic for binned/unbinned Asimov dataset generation
INFO: (function: generateWithHisto) ToyMCSamplerOpt.cc: 221 -- Generating asimov with histogram for pdf pdf_binSR1b_obsOnly: in 20 x-bins
INFO: (function: generateAsimov) ToyMCSamplerOpt.cc: 146 -- Using internal logic for binned/unbinned Asimov dataset generation
INFO: (function: generateWithHisto) ToyMCSamplerOpt.cc: 221 -- Generating asimov with histogram for pdf pdf_binSR1bBlinded_obsOnly: in 20 x-bins
INFO: (function: generateAsimov) ToyMCSamplerOpt.cc: 146 -- Using internal logic for binned/unbinned Asimov dataset generation
INFO: (function: generateWithHisto) ToyMCSamplerOpt.cc: 221 -- Generating asimov with histogram for pdf pdf_binCR2_obsOnly: in 20 x-bins
INFO: (function: generateAsimov) ToyMCSamplerOpt.cc: 146 -- Using internal logic for binned/unbinned Asimov dataset generation
INFO: (function: generateWithHisto) ToyMCSamplerOpt.cc: 221 -- Generating asimov with histogram for pdf pdf_binCR2Blinded_obsOnly: in 20 x-bins
INFO: (function: generateAsimov) ToyMCSamplerOpt.cc: 146 -- Using internal logic for binned/unbinned Asimov dataset generation
INFO: (function: generateWithHisto) ToyMCSamplerOpt.cc: 221 -- Generating asimov with histogram for pdf pdf_binSR2a_obsOnly: in 20 x-bins
INFO: (function: generateAsimov) ToyMCSamplerOpt.cc: 146 -- Using internal logic for binned/unbinned Asimov dataset generation
INFO: (function: generateWithHisto) ToyMCSamplerOpt.cc: 221 -- Generating asimov with histogram for pdf pdf_binSR2aBlinded_obsOnly: in 20 x-bins
INFO: (function: generateAsimov) ToyMCSamplerOpt.cc: 146 -- Using internal logic for binned/unbinned Asimov dataset generation
INFO: (function: generateWithHisto) ToyMCSamplerOpt.cc: 221 -- Generating asimov with histogram for pdf pdf_binSR2b_obsOnly: in 20 x-bins
INFO: (function: generateAsimov) ToyMCSamplerOpt.cc: 146 -- Using internal logic for binned/unbinned Asimov dataset generation
INFO: (function: generateWithHisto) ToyMCSamplerOpt.cc: 221 -- Generating asimov with histogram for pdf pdf_binSR2bBlinded_obsOnly: in 20 x-bins
INFO: (function: improveOnce) CascadeMinimizer.cc: 188 -- Minimisation configured with Type=Minuit2, Algo=Migrad, strategy=0, tolerance=0.1
INFO: (function: improveOnce) CascadeMinimizer.cc: 211 -- Minimisation finished with status=0
INFO: (function: improveOnce) CascadeMinimizer.cc: 216 -- Minimization success! status=0
INFO: (function: doFit) FitterAlgoBase.cc: 360 -- Running RobustFit for POI r. Configured with strategy 0  
INFO: (function: findCrossing) FitterAlgoBase.cc: 406 -- Searching for crossing at nll = 0.494473, in the interval 1 < r < 40
INFO: (function: improveOnce) CascadeMinimizer.cc: 188 -- Minimisation configured with Type=Minuit2, Algo=Migrad, strategy=0, tolerance=0.1
INFO: (function: improveOnce) CascadeMinimizer.cc: 211 -- Minimisation finished with status=0
INFO: (function: improveOnce) CascadeMinimizer.cc: 216 -- Minimization success! status=0
INFO: (function: findCrossing) FitterAlgoBase.cc: 427 -- r lvl-here lvl-there 	stepping 
INFO: (function: improveOnce) CascadeMinimizer.cc: 188 -- Minimisation configured with Type=Minuit2, Algo=Migrad, strategy=0, tolerance=0.1
INFO: (function: improveOnce) CascadeMinimizer.cc: 211 -- Minimisation finished with status=0
INFO: (function: improveOnce) CascadeMinimizer.cc: 216 -- Minimization success! status=0
INFO: (function: findCrossing) FitterAlgoBase.cc: 460 -- 4.900000    -0.41224  +0.49447    3.900000
INFO: (function: improveOnce) CascadeMinimizer.cc: 188 -- Minimisation configured with Type=Minuit2, Algo=Migrad, strategy=0, tolerance=0.1
INFO: (function: improveOnce) CascadeMinimizer.cc: 211 -- Minimisation finished with status=0
INFO: (function: improveOnce) CascadeMinimizer.cc: 216 -- Minimization success! status=0
INFO: (function: findCrossing) FitterAlgoBase.cc: 460 -- 2.170000    +0.39105  -0.41224    1.170000
INFO: (function: improveOnce) CascadeMinimizer.cc: 188 -- Minimisation configured with Type=Minuit2, Algo=Migrad, strategy=0, tolerance=0.1
INFO: (function: improveOnce) CascadeMinimizer.cc: 211 -- Minimisation finished with status=0
INFO: (function: improveOnce) CascadeMinimizer.cc: 216 -- Minimization success! status=0
INFO: (function: findCrossing) FitterAlgoBase.cc: 460 -- 3.340000    +0.12038  +0.39105    1.170000
INFO: (function: improveOnce) CascadeMinimizer.cc: 188 -- Minimisation configured with Type=Minuit2, Algo=Migrad, strategy=0, tolerance=0.1
INFO: (function: improveOnce) CascadeMinimizer.cc: 211 -- Minimisation finished with status=0
INFO: (function: improveOnce) CascadeMinimizer.cc: 216 -- Minimization success! status=0
INFO: (function: findCrossing) FitterAlgoBase.cc: 460 -- 4.510000    -0.26443  +0.12038    1.170000
INFO: (function: improveOnce) CascadeMinimizer.cc: 188 -- Minimisation configured with Type=Minuit2, Algo=Migrad, strategy=0, tolerance=0.1
INFO: (function: improveOnce) CascadeMinimizer.cc: 211 -- Minimisation finished with status=0
INFO: (function: improveOnce) CascadeMinimizer.cc: 216 -- Minimization success! status=0
INFO: (function: findCrossing) FitterAlgoBase.cc: 460 -- 3.691000    +0.01320  -0.26443    0.351000
INFO: (function: improveOnce) CascadeMinimizer.cc: 188 -- Minimisation configured with Type=Minuit2, Algo=Migrad, strategy=0, tolerance=0.1
INFO: (function: improveOnce) CascadeMinimizer.cc: 211 -- Minimisation finished with status=0
INFO: (function: improveOnce) CascadeMinimizer.cc: 216 -- Minimization success! status=0
INFO: (function: findCrossing) FitterAlgoBase.cc: 460 -- 4.042000    -0.10143  +0.01320    0.351000
INFO: (function: improveOnce) CascadeMinimizer.cc: 188 -- Minimisation configured with Type=Minuit2, Algo=Migrad, strategy=0, tolerance=0.1
INFO: (function: improveOnce) CascadeMinimizer.cc: 211 -- Minimisation finished with status=0
INFO: (function: improveOnce) CascadeMinimizer.cc: 216 -- Minimization success! status=0
INFO: (function: findCrossing) FitterAlgoBase.cc: 460 -- 3.796300    -0.01967  -0.10143    0.105300
INFO: (function: improveOnce) CascadeMinimizer.cc: 188 -- Minimisation configured with Type=Minuit2, Algo=Migrad, strategy=0, tolerance=0.1
INFO: (function: improveOnce) CascadeMinimizer.cc: 211 -- Minimisation finished with status=0
INFO: (function: improveOnce) CascadeMinimizer.cc: 216 -- Minimization success! status=0
INFO: (function: findCrossing) FitterAlgoBase.cc: 460 -- 3.722590    +0.00438  -0.01967    0.031590
INFO: (function: improveOnce) CascadeMinimizer.cc: 188 -- Minimisation configured with Type=Minuit2, Algo=Migrad, strategy=0, tolerance=0.1
INFO: (function: improveOnce) CascadeMinimizer.cc: 211 -- Minimisation finished with status=0
INFO: (function: improveOnce) CascadeMinimizer.cc: 216 -- Minimization success! status=0
INFO: (function: findCrossing) FitterAlgoBase.cc: 460 -- 3.754180    -0.00572  +0.00438    0.031590
INFO: (function: improveOnce) CascadeMinimizer.cc: 188 -- Minimisation configured with Type=Minuit2, Algo=Migrad, strategy=0, tolerance=0.1
INFO: (function: improveOnce) CascadeMinimizer.cc: 211 -- Minimisation finished with status=0
INFO: (function: improveOnce) CascadeMinimizer.cc: 216 -- Minimization success! status=0
INFO: (function: findCrossing) FitterAlgoBase.cc: 460 -- 3.732067    +0.00137  -0.00572    0.009477
INFO: (function: improveOnce) CascadeMinimizer.cc: 188 -- Minimisation configured with Type=Minuit2, Algo=Migrad, strategy=0, tolerance=0.1
INFO: (function: improveOnce) CascadeMinimizer.cc: 211 -- Minimisation finished with status=0
INFO: (function: improveOnce) CascadeMinimizer.cc: 216 -- Minimization success! status=0
INFO: (function: findCrossing) FitterAlgoBase.cc: 460 -- 3.741544    -0.00164  +0.00137    0.009477
INFO: (function: improveOnce) CascadeMinimizer.cc: 188 -- Minimisation configured with Type=Minuit2, Algo=Migrad, strategy=0, tolerance=0.1
INFO: (function: improveOnce) CascadeMinimizer.cc: 211 -- Minimisation finished with status=0
INFO: (function: improveOnce) CascadeMinimizer.cc: 216 -- Minimization success! status=0
INFO: (function: findCrossing) FitterAlgoBase.cc: 460 -- 3.734910    +0.00048  -0.00164    0.002843
INFO: (function: improveOnce) CascadeMinimizer.cc: 188 -- Minimisation configured with Type=Minuit2, Algo=Migrad, strategy=0, tolerance=0.1
INFO: (function: improveOnce) CascadeMinimizer.cc: 211 -- Minimisation finished with status=0
INFO: (function: improveOnce) CascadeMinimizer.cc: 216 -- Minimization success! status=0
INFO: (function: findCrossing) FitterAlgoBase.cc: 460 -- 3.737753    -0.00043  +0.00048    0.002843
INFO: (function: improveOnce) CascadeMinimizer.cc: 188 -- Minimisation configured with Type=Minuit2, Algo=Migrad, strategy=0, tolerance=0.1
INFO: (function: improveOnce) CascadeMinimizer.cc: 211 -- Minimisation finished with status=0
INFO: (function: improveOnce) CascadeMinimizer.cc: 216 -- Minimization success! status=0
INFO: (function: findCrossing) FitterAlgoBase.cc: 460 -- 3.735763    +0.00021  -0.00043    0.000853
INFO: (function: findCrossing) FitterAlgoBase.cc: 406 -- Searching for crossing at nll = 0.494473, in the interval 1 < r < -40
INFO: (function: improveOnce) CascadeMinimizer.cc: 188 -- Minimisation configured with Type=Minuit2, Algo=Migrad, strategy=0, tolerance=0.1
INFO: (function: improveOnce) CascadeMinimizer.cc: 211 -- Minimisation finished with status=0
INFO: (function: improveOnce) CascadeMinimizer.cc: 216 -- Minimization success! status=0
INFO: (function: findCrossing) FitterAlgoBase.cc: 427 -- r lvl-here lvl-there 	stepping 
INFO: (function: improveOnce) CascadeMinimizer.cc: 188 -- Minimisation configured with Type=Minuit2, Algo=Migrad, strategy=0, tolerance=0.1
INFO: (function: improveOnce) CascadeMinimizer.cc: 211 -- Minimisation finished with status=0
INFO: (function: improveOnce) CascadeMinimizer.cc: 216 -- Minimization success! status=0
INFO: (function: findCrossing) FitterAlgoBase.cc: 460 -- -3.100000    -0.70385  +0.49447    -4.100000
INFO: (function: improveOnce) CascadeMinimizer.cc: 188 -- Minimisation configured with Type=Minuit2, Algo=Migrad, strategy=0, tolerance=0.1
INFO: (function: improveOnce) CascadeMinimizer.cc: 211 -- Minimisation finished with status=0
INFO: (function: improveOnce) CascadeMinimizer.cc: 216 -- Minimization success! status=0
INFO: (function: findCrossing) FitterAlgoBase.cc: 460 -- -0.230000    +0.36891  -0.70385    -1.230000
INFO: (function: improveOnce) CascadeMinimizer.cc: 188 -- Minimisation configured with Type=Minuit2, Algo=Migrad, strategy=0, tolerance=0.1
INFO: (function: improveOnce) CascadeMinimizer.cc: 211 -- Minimisation finished with status=0
INFO: (function: improveOnce) CascadeMinimizer.cc: 216 -- Minimization success! status=0
INFO: (function: findCrossing) FitterAlgoBase.cc: 460 -- -1.460000    +0.01259  +0.36891    -1.230000
INFO: (function: improveOnce) CascadeMinimizer.cc: 188 -- Minimisation configured with Type=Minuit2, Algo=Migrad, strategy=0, tolerance=0.1
INFO: (function: improveOnce) CascadeMinimizer.cc: 211 -- Minimisation finished with status=0
INFO: (function: improveOnce) CascadeMinimizer.cc: 216 -- Minimization success! status=0
INFO: (function: findCrossing) FitterAlgoBase.cc: 460 -- -2.690000    -0.50419  +0.01259    -1.230000
INFO: (function: improveOnce) CascadeMinimizer.cc: 188 -- Minimisation configured with Type=Minuit2, Algo=Migrad, strategy=0, tolerance=0.1
INFO: (function: improveOnce) CascadeMinimizer.cc: 211 -- Minimisation finished with status=0
INFO: (function: improveOnce) CascadeMinimizer.cc: 216 -- Minimization success! status=0
INFO: (function: findCrossing) FitterAlgoBase.cc: 460 -- -1.829000    -0.13159  -0.50419    -0.369000
INFO: (function: improveOnce) CascadeMinimizer.cc: 188 -- Minimisation configured with Type=Minuit2, Algo=Migrad, strategy=0, tolerance=0.1
INFO: (function: improveOnce) CascadeMinimizer.cc: 211 -- Minimisation finished with status=0
INFO: (function: improveOnce) CascadeMinimizer.cc: 216 -- Minimization success! status=0
INFO: (function: findCrossing) FitterAlgoBase.cc: 460 -- -1.570700    -0.02910  -0.13159    -0.110700
INFO: (function: improveOnce) CascadeMinimizer.cc: 188 -- Minimisation configured with Type=Minuit2, Algo=Migrad, strategy=0, tolerance=0.1
INFO: (function: improveOnce) CascadeMinimizer.cc: 211 -- Minimisation finished with status=0
INFO: (function: improveOnce) CascadeMinimizer.cc: 216 -- Minimization success! status=0
INFO: (function: findCrossing) FitterAlgoBase.cc: 460 -- -1.493210    +0.00053  -0.02910    -0.033210
INFO: (function: improveOnce) CascadeMinimizer.cc: 188 -- Minimisation configured with Type=Minuit2, Algo=Migrad, strategy=0, tolerance=0.1
INFO: (function: improveOnce) CascadeMinimizer.cc: 211 -- Minimisation finished with status=0
INFO: (function: improveOnce) CascadeMinimizer.cc: 216 -- Minimization success! status=0
INFO: (function: findCrossing) FitterAlgoBase.cc: 460 -- -1.526420    -0.01199  +0.00053    -0.033210
INFO: (function: improveOnce) CascadeMinimizer.cc: 188 -- Minimisation configured with Type=Minuit2, Algo=Migrad, strategy=0, tolerance=0.1
INFO: (function: improveOnce) CascadeMinimizer.cc: 211 -- Minimisation finished with status=0
INFO: (function: improveOnce) CascadeMinimizer.cc: 216 -- Minimization success! status=0
INFO: (function: findCrossing) FitterAlgoBase.cc: 460 -- -1.503173    -0.00319  -0.01199    -0.009963
INFO: (function: improveOnce) CascadeMinimizer.cc: 188 -- Minimisation configured with Type=Minuit2, Algo=Migrad, strategy=0, tolerance=0.1
INFO: (function: improveOnce) CascadeMinimizer.cc: 211 -- Minimisation finished with status=0
INFO: (function: improveOnce) CascadeMinimizer.cc: 216 -- Minimization success! status=0
INFO: (function: findCrossing) FitterAlgoBase.cc: 460 -- -1.496199    -0.00049  -0.00319    -0.002989
INFO: (function: improveOnce) CascadeMinimizer.cc: 188 -- Minimisation configured with Type=Minuit2, Algo=Migrad, strategy=0, tolerance=0.1
INFO: (function: improveOnce) CascadeMinimizer.cc: 211 -- Minimisation finished with status=0
INFO: (function: improveOnce) CascadeMinimizer.cc: 216 -- Minimization success! status=0
INFO: (function: findCrossing) FitterAlgoBase.cc: 460 -- -1.494107    +0.00030  -0.00049    -0.000897
